Timer started ...
MOD: delay(1250 1250), type(tTMRCO20), from(I1.OSCOUT), to(I1.TIMEROUT)
MOD: delay(500 500), type(tTMRRSTO), from(I1.TIMERRES), to(I1.TIMEROUT)
MOD: delay(900 900), type(tOSCEN+tOSCOD), from(I1.DYNOSCDIS), to(I1.OSCOUT)
CHK: delay(400 400), type(tTMRRR), from(I1.TIMERRES), to(I1.OSCOUT)
CHK: delay(300 300), type(tTMRRSTPW), from(I1.TIMERRES), to(I1.TIMERRES)
CHK: delay(500 500), type(tOSCH), from(I1.DYNOSCDIS), to(I1.OSCOUT)
CHK: delay(500 500), type(tOSCSU), from(I1.DYNOSCDIS), to(I1.OSCOUT)
MOD: delay(140 140), type(tORP+tBUF+tIOO(LVCMOS18)), from(LED0.OUT), to(LED0.PAD)
MOD: delay(45 45), type(tPDi), from(LED0 ), to(LED0.OUT)
MOD: delay(140 140), type(tORP+tBUF+tIOO(LVCMOS18)), from(LED1.OUT), to(LED1.PAD)
MOD: delay(45 45), type(tPDi), from(LED1 ), to(LED1.OUT)
MOD: delay(140 140), type(tORP+tBUF+tIOO(LVCMOS18)), from(LED2.OUT), to(LED2.PAD)
MOD: delay(45 45), type(tPDi), from(LED2 ), to(LED2.OUT)
MOD: delay(140 140), type(tORP+tBUF+tIOO(LVCMOS18)), from(LED3.OUT), to(LED3.PAD)
MOD: delay(45 45), type(tPDi), from(LED3 ), to(LED3.OUT)
MOD: delay(140 140), type(tORP+tBUF+tIOO(LVCMOS18)), from(LED4.OUT), to(LED4.PAD)
MOD: delay(45 45), type(tPDi), from(LED4 ), to(LED4.OUT)
MOD: delay(140 140), type(tORP+tBUF+tIOO(LVCMOS18)), from(LED5.OUT), to(LED5.PAD)
MOD: delay(45 45), type(tPDi), from(LED5 ), to(LED5.OUT)
MOD: delay(140 140), type(tORP+tBUF+tIOO(LVCMOS18)), from(LED6.OUT), to(LED6.PAD)
MOD: delay(45 45), type(tPDi), from(LED6 ), to(LED6.OUT)
MOD: delay(140 140), type(tORP+tBUF+tIOO(LVCMOS18)), from(LED7.OUT), to(LED7.PAD)
MOD: delay(45 45), type(tPDi), from(LED7 ), to(LED7.OUT)
MOD: delay(140 140), type(tORP+tBUF+tIOO(LVCMOS18)), from(LED8.OUT), to(LED8.PAD)
MOD: delay(45 45), type(tPDi), from(LED8 ), to(LED8.OUT)
MOD: delay(140 140), type(tORP+tBUF+tIOO(LVCMOS18)), from(LED9.OUT), to(LED9.PAD)
MOD: delay(45 45), type(tPDi), from(LED9 ), to(LED9.OUT)
MOD: delay(140 140), type(tORP+tBUF+tIOO(LVCMOS18)), from(LED10.OUT), to(LED10.PAD)
MOD: delay(45 45), type(tPDi), from(LED10 ), to(LED10.OUT)
MOD: delay(140 140), type(tORP+tBUF+tIOO(LVCMOS18)), from(LED11.OUT), to(LED11.PAD)
MOD: delay(45 45), type(tPDi), from(LED11 ), to(LED11.OUT)
MOD: delay(140 140), type(tORP+tBUF+tIOO(LVCMOS18)), from(LED12.OUT), to(LED12.PAD)
MOD: delay(45 45), type(tPDi), from(LED12 ), to(LED12.OUT)
MOD: delay(140 140), type(tORP+tBUF+tIOO(LVCMOS18)), from(LED13.OUT), to(LED13.PAD)
MOD: delay(45 45), type(tPDi), from(LED13 ), to(LED13.OUT)
MOD: delay(140 140), type(tORP+tBUF+tIOO(LVCMOS18)), from(LED14.OUT), to(LED14.PAD)
MOD: delay(45 45), type(tPDi), from(LED14 ), to(LED14.OUT)
MOD: delay(140 140), type(tORP+tBUF+tIOO(LVCMOS18)), from(LED15.OUT), to(LED15.PAD)
MOD: delay(45 45), type(tPDi), from(LED15 ), to(LED15.OUT)
MOD: delay(140 140), type(tORP+tBUF+tIOO(LVCMOS18)), from(DIS1a.OUT), to(DIS1a.PAD)
MOD: delay(45 45), type(tPDi), from(DIS1a ), to(DIS1a.OUT)
MOD: delay(140 140), type(tORP+tBUF+tIOO(LVCMOS18)), from(DIS1b.OUT), to(DIS1b.PAD)
MOD: delay(45 45), type(tPDi), from(DIS1b ), to(DIS1b.OUT)
MOD: delay(140 140), type(tORP+tBUF+tIOO(LVCMOS18)), from(DIS1c.OUT), to(DIS1c.PAD)
MOD: delay(45 45), type(tPDi), from(DIS1c ), to(DIS1c.OUT)
MOD: delay(140 140), type(tORP+tBUF+tIOO(LVCMOS18)), from(DIS1d.OUT), to(DIS1d.PAD)
MOD: delay(45 45), type(tPDi), from(DIS1d ), to(DIS1d.OUT)
MOD: delay(140 140), type(tORP+tBUF+tIOO(LVCMOS18)), from(DIS1e.OUT), to(DIS1e.PAD)
MOD: delay(45 45), type(tPDi), from(DIS1e ), to(DIS1e.OUT)
MOD: delay(140 140), type(tORP+tBUF+tIOO(LVCMOS18)), from(DIS1f.OUT), to(DIS1f.PAD)
MOD: delay(45 45), type(tPDi), from(DIS1f ), to(DIS1f.OUT)
MOD: delay(140 140), type(tORP+tBUF+tIOO(LVCMOS18)), from(DIS1g.OUT), to(DIS1g.PAD)
MOD: delay(45 45), type(tPDi), from(DIS1g ), to(DIS1g.OUT)
MOD: delay(140 140), type(tORP+tBUF+tIOO(LVCMOS18)), from(DIS2a.OUT), to(DIS2a.PAD)
MOD: delay(45 45), type(tCOi), from(DIS2a.C ), to(DIS2a.OUT)
CHK: delay(0 0), type(tWLA), from(DIS2a.C ), to(DIS2a.C )
CHK: delay(0 0), type(tWHA), from(DIS2a.C ), to(DIS2a.C )
CHK: delay(200 200), type(tH), from(DIS2a.D ), to(DIS2a.C )
CHK: delay(200 200), type(tS_PT), from(DIS2a.D ), to(DIS2a.C )
MOD: delay(140 140), type(tORP+tBUF+tIOO(LVCMOS18)), from(DIS2b.OUT), to(DIS2b.PAD)
MOD: delay(45 45), type(tCOi), from(DIS2b.C ), to(DIS2b.OUT)
CHK: delay(0 0), type(tWLA), from(DIS2b.C ), to(DIS2b.C )
CHK: delay(0 0), type(tWHA), from(DIS2b.C ), to(DIS2b.C )
CHK: delay(200 200), type(tH), from(DIS2b.D ), to(DIS2b.C )
CHK: delay(200 200), type(tS_PT), from(DIS2b.D ), to(DIS2b.C )
MOD: delay(140 140), type(tORP+tBUF+tIOO(LVCMOS18)), from(DIS2c.OUT), to(DIS2c.PAD)
MOD: delay(45 45), type(tCOi), from(DIS2c.C ), to(DIS2c.OUT)
CHK: delay(0 0), type(tWLA), from(DIS2c.C ), to(DIS2c.C )
CHK: delay(0 0), type(tWHA), from(DIS2c.C ), to(DIS2c.C )
CHK: delay(200 200), type(tH), from(DIS2c.D ), to(DIS2c.C )
CHK: delay(200 200), type(tS_PT), from(DIS2c.D ), to(DIS2c.C )
MOD: delay(140 140), type(tORP+tBUF+tIOO(LVCMOS18)), from(DIS2d.OUT), to(DIS2d.PAD)
MOD: delay(45 45), type(tCOi), from(DIS2d.C ), to(DIS2d.OUT)
CHK: delay(0 0), type(tWLA), from(DIS2d.C ), to(DIS2d.C )
CHK: delay(0 0), type(tWHA), from(DIS2d.C ), to(DIS2d.C )
CHK: delay(200 200), type(tH), from(DIS2d.D ), to(DIS2d.C )
CHK: delay(200 200), type(tS_PT), from(DIS2d.D ), to(DIS2d.C )
MOD: delay(140 140), type(tORP+tBUF+tIOO(LVCMOS18)), from(DIS2e.OUT), to(DIS2e.PAD)
MOD: delay(45 45), type(tCOi), from(DIS2e.C ), to(DIS2e.OUT)
CHK: delay(0 0), type(tWLA), from(DIS2e.C ), to(DIS2e.C )
CHK: delay(0 0), type(tWHA), from(DIS2e.C ), to(DIS2e.C )
CHK: delay(200 200), type(tH), from(DIS2e.D ), to(DIS2e.C )
CHK: delay(200 200), type(tS_PT), from(DIS2e.D ), to(DIS2e.C )
MOD: delay(140 140), type(tORP+tBUF+tIOO(LVCMOS18)), from(DIS2f.OUT), to(DIS2f.PAD)
MOD: delay(45 45), type(tCOi), from(DIS2f.C ), to(DIS2f.OUT)
CHK: delay(0 0), type(tWLA), from(DIS2f.C ), to(DIS2f.C )
CHK: delay(0 0), type(tWHA), from(DIS2f.C ), to(DIS2f.C )
CHK: delay(200 200), type(tH), from(DIS2f.D ), to(DIS2f.C )
CHK: delay(200 200), type(tS_PT), from(DIS2f.D ), to(DIS2f.C )
MOD: delay(140 140), type(tORP+tBUF+tIOO(LVCMOS18)), from(DIS2g.OUT), to(DIS2g.PAD)
MOD: delay(45 45), type(tCOi), from(DIS2g.C ), to(DIS2g.OUT)
CHK: delay(0 0), type(tWLA), from(DIS2g.C ), to(DIS2g.C )
CHK: delay(0 0), type(tWHA), from(DIS2g.C ), to(DIS2g.C )
CHK: delay(200 200), type(tH), from(DIS2g.D ), to(DIS2g.C )
CHK: delay(200 200), type(tS_PT), from(DIS2g.D ), to(DIS2g.C )
MOD: delay(140 140), type(tORP+tBUF+tIOO(LVCMOS18)), from(DIS3a.OUT), to(DIS3a.PAD)
MOD: delay(45 45), type(tCOi), from(DIS3a.C ), to(DIS3a.OUT)
CHK: delay(0 0), type(tWLA), from(DIS3a.C ), to(DIS3a.C )
CHK: delay(0 0), type(tWHA), from(DIS3a.C ), to(DIS3a.C )
CHK: delay(200 200), type(tH), from(DIS3a.D ), to(DIS3a.C )
CHK: delay(200 200), type(tS_PT), from(DIS3a.D ), to(DIS3a.C )
MOD: delay(140 140), type(tORP+tBUF+tIOO(LVCMOS18)), from(DIS3b.OUT), to(DIS3b.PAD)
MOD: delay(45 45), type(tCOi), from(DIS3b.C ), to(DIS3b.OUT)
CHK: delay(0 0), type(tWLA), from(DIS3b.C ), to(DIS3b.C )
CHK: delay(0 0), type(tWHA), from(DIS3b.C ), to(DIS3b.C )
CHK: delay(200 200), type(tH), from(DIS3b.D ), to(DIS3b.C )
CHK: delay(200 200), type(tS_PT), from(DIS3b.D ), to(DIS3b.C )
MOD: delay(140 140), type(tORP+tBUF+tIOO(LVCMOS18)), from(DIS3c.OUT), to(DIS3c.PAD)
MOD: delay(45 45), type(tCOi), from(DIS3c.C ), to(DIS3c.OUT)
CHK: delay(0 0), type(tWLA), from(DIS3c.C ), to(DIS3c.C )
CHK: delay(0 0), type(tWHA), from(DIS3c.C ), to(DIS3c.C )
CHK: delay(200 200), type(tH), from(DIS3c.D ), to(DIS3c.C )
CHK: delay(200 200), type(tS_PT), from(DIS3c.D ), to(DIS3c.C )
MOD: delay(140 140), type(tORP+tBUF+tIOO(LVCMOS18)), from(DIS3d.OUT), to(DIS3d.PAD)
MOD: delay(45 45), type(tCOi), from(DIS3d.C ), to(DIS3d.OUT)
CHK: delay(0 0), type(tWLA), from(DIS3d.C ), to(DIS3d.C )
CHK: delay(0 0), type(tWHA), from(DIS3d.C ), to(DIS3d.C )
CHK: delay(200 200), type(tH), from(DIS3d.D ), to(DIS3d.C )
CHK: delay(200 200), type(tS_PT), from(DIS3d.D ), to(DIS3d.C )
MOD: delay(140 140), type(tORP+tBUF+tIOO(LVCMOS18)), from(DIS3e.OUT), to(DIS3e.PAD)
MOD: delay(45 45), type(tCOi), from(DIS3e.C ), to(DIS3e.OUT)
CHK: delay(0 0), type(tWLA), from(DIS3e.C ), to(DIS3e.C )
CHK: delay(0 0), type(tWHA), from(DIS3e.C ), to(DIS3e.C )
CHK: delay(200 200), type(tH), from(DIS3e.D ), to(DIS3e.C )
CHK: delay(200 200), type(tS_PT), from(DIS3e.D ), to(DIS3e.C )
MOD: delay(140 140), type(tORP+tBUF+tIOO(LVCMOS18)), from(DIS3f.OUT), to(DIS3f.PAD)
MOD: delay(45 45), type(tCOi), from(DIS3f.C ), to(DIS3f.OUT)
CHK: delay(0 0), type(tWLA), from(DIS3f.C ), to(DIS3f.C )
CHK: delay(0 0), type(tWHA), from(DIS3f.C ), to(DIS3f.C )
CHK: delay(200 200), type(tH), from(DIS3f.D ), to(DIS3f.C )
CHK: delay(200 200), type(tS_PT), from(DIS3f.D ), to(DIS3f.C )
MOD: delay(140 140), type(tORP+tBUF+tIOO(LVCMOS18)), from(DIS3g.OUT), to(DIS3g.PAD)
MOD: delay(45 45), type(tCOi), from(DIS3g.C ), to(DIS3g.OUT)
CHK: delay(0 0), type(tWLA), from(DIS3g.C ), to(DIS3g.C )
CHK: delay(0 0), type(tWHA), from(DIS3g.C ), to(DIS3g.C )
CHK: delay(200 200), type(tH), from(DIS3g.D ), to(DIS3g.C )
CHK: delay(200 200), type(tS_PT), from(DIS3g.D ), to(DIS3g.C )
MOD: delay(140 140), type(tORP+tBUF+tIOO(LVCMOS18)), from(DIS4a.OUT), to(DIS4a.PAD)
MOD: delay(45 45), type(tCOi), from(DIS4a.C ), to(DIS4a.OUT)
CHK: delay(0 0), type(tWLA), from(DIS4a.C ), to(DIS4a.C )
CHK: delay(0 0), type(tWHA), from(DIS4a.C ), to(DIS4a.C )
CHK: delay(200 200), type(tH), from(DIS4a.D ), to(DIS4a.C )
CHK: delay(200 200), type(tS_PT), from(DIS4a.D ), to(DIS4a.C )
MOD: delay(140 140), type(tORP+tBUF+tIOO(LVCMOS18)), from(DIS4b.OUT), to(DIS4b.PAD)
MOD: delay(45 45), type(tCOi), from(DIS4b.C ), to(DIS4b.OUT)
CHK: delay(0 0), type(tWLA), from(DIS4b.C ), to(DIS4b.C )
CHK: delay(0 0), type(tWHA), from(DIS4b.C ), to(DIS4b.C )
CHK: delay(200 200), type(tH), from(DIS4b.D ), to(DIS4b.C )
CHK: delay(200 200), type(tS_PT), from(DIS4b.D ), to(DIS4b.C )
MOD: delay(140 140), type(tORP+tBUF+tIOO(LVCMOS18)), from(DIS4c.OUT), to(DIS4c.PAD)
MOD: delay(45 45), type(tCOi), from(DIS4c.C ), to(DIS4c.OUT)
CHK: delay(0 0), type(tWLA), from(DIS4c.C ), to(DIS4c.C )
CHK: delay(0 0), type(tWHA), from(DIS4c.C ), to(DIS4c.C )
CHK: delay(200 200), type(tH), from(DIS4c.D ), to(DIS4c.C )
CHK: delay(200 200), type(tS_PT), from(DIS4c.D ), to(DIS4c.C )
MOD: delay(140 140), type(tORP+tBUF+tIOO(LVCMOS18)), from(DIS4d.OUT), to(DIS4d.PAD)
MOD: delay(45 45), type(tCOi), from(DIS4d.C ), to(DIS4d.OUT)
CHK: delay(0 0), type(tWLA), from(DIS4d.C ), to(DIS4d.C )
CHK: delay(0 0), type(tWHA), from(DIS4d.C ), to(DIS4d.C )
CHK: delay(200 200), type(tH), from(DIS4d.D ), to(DIS4d.C )
CHK: delay(200 200), type(tS_PT), from(DIS4d.D ), to(DIS4d.C )
MOD: delay(140 140), type(tORP+tBUF+tIOO(LVCMOS18)), from(DIS4e.OUT), to(DIS4e.PAD)
MOD: delay(45 45), type(tCOi), from(DIS4e.C ), to(DIS4e.OUT)
CHK: delay(0 0), type(tWLA), from(DIS4e.C ), to(DIS4e.C )
CHK: delay(0 0), type(tWHA), from(DIS4e.C ), to(DIS4e.C )
CHK: delay(200 200), type(tH), from(DIS4e.D ), to(DIS4e.C )
CHK: delay(200 200), type(tS_PT), from(DIS4e.D ), to(DIS4e.C )
MOD: delay(140 140), type(tORP+tBUF+tIOO(LVCMOS18)), from(DIS4f.OUT), to(DIS4f.PAD)
MOD: delay(45 45), type(tCOi), from(DIS4f.C ), to(DIS4f.OUT)
CHK: delay(0 0), type(tWLA), from(DIS4f.C ), to(DIS4f.C )
CHK: delay(0 0), type(tWHA), from(DIS4f.C ), to(DIS4f.C )
CHK: delay(200 200), type(tH), from(DIS4f.D ), to(DIS4f.C )
CHK: delay(200 200), type(tS_PT), from(DIS4f.D ), to(DIS4f.C )
MOD: delay(140 140), type(tORP+tBUF+tIOO(LVCMOS18)), from(DIS4g.OUT), to(DIS4g.PAD)
MOD: delay(45 45), type(tCOi), from(DIS4g.C ), to(DIS4g.OUT)
CHK: delay(0 0), type(tWLA), from(DIS4g.C ), to(DIS4g.C )
CHK: delay(0 0), type(tWHA), from(DIS4g.C ), to(DIS4g.C )
CHK: delay(200 200), type(tH), from(DIS4g.D ), to(DIS4g.C )
CHK: delay(200 200), type(tS_PT), from(DIS4g.D ), to(DIS4g.C )
MOD: delay(140 140), type(tORP+tBUF+tIOO(LVCMOS18)), from(LED16.OUT), to(LED16.PAD)
MOD: delay(45 45), type(tPDi), from(LED16 ), to(LED16.OUT)
MOD: delay(140 140), type(tORP+tBUF+tIOO(LVCMOS18)), from(LED17.OUT), to(LED17.PAD)
MOD: delay(45 45), type(tPDi), from(LED17 ), to(LED17.OUT)
MOD: delay(140 140), type(tORP+tBUF+tIOO(LVCMOS18)), from(LED18.OUT), to(LED18.PAD)
MOD: delay(45 45), type(tPDi), from(LED18 ), to(LED18.OUT)
MOD: delay(95 95), type(tSRi), from(X0.AR ), to(X0.Q )
MOD: delay(140 140), type(tORP+tBUF+tIOO(LVCMOS18)), from(X0.Q ), to(X0.PAD)
MOD: delay(45 45), type(tCOi), from(X0.C ), to(X0.Q )
CHK: delay(0 0), type(tSRW), from(X0.AR ), to(X0.AR )
CHK: delay(180 180), type(tSRR), from(X0.AR ), to(X0.C )
CHK: delay(0 0), type(tCEH), from(X0.CE ), to(X0.C )
CHK: delay(200 200), type(tCES), from(X0.CE ), to(X0.C )
CHK: delay(0 0), type(tWLA), from(X0.C ), to(X0.C )
CHK: delay(0 0), type(tWHA), from(X0.C ), to(X0.C )
CHK: delay(200 200), type(tHT), from(X0.T ), to(X0.C )
CHK: delay(220 220), type(tST_PT), from(X0.T ), to(X0.C )
MOD: delay(95 95), type(tSRi), from(X1.AR ), to(X1.Q )
MOD: delay(140 140), type(tORP+tBUF+tIOO(LVCMOS18)), from(X1.Q ), to(X1.PAD)
MOD: delay(45 45), type(tCOi), from(X1.C ), to(X1.Q )
CHK: delay(0 0), type(tSRW), from(X1.AR ), to(X1.AR )
CHK: delay(180 180), type(tSRR), from(X1.AR ), to(X1.C )
CHK: delay(0 0), type(tCEH), from(X1.CE ), to(X1.C )
CHK: delay(200 200), type(tCES), from(X1.CE ), to(X1.C )
CHK: delay(0 0), type(tWLA), from(X1.C ), to(X1.C )
CHK: delay(0 0), type(tWHA), from(X1.C ), to(X1.C )
CHK: delay(200 200), type(tH), from(X1.D ), to(X1.C )
CHK: delay(200 200), type(tS_PT), from(X1.D ), to(X1.C )
MOD: delay(95 95), type(tSRi), from(X2.AR ), to(X2.Q )
MOD: delay(140 140), type(tORP+tBUF+tIOO(LVCMOS18)), from(X2.Q ), to(X2.PAD)
MOD: delay(45 45), type(tCOi), from(X2.C ), to(X2.Q )
CHK: delay(0 0), type(tSRW), from(X2.AR ), to(X2.AR )
CHK: delay(180 180), type(tSRR), from(X2.AR ), to(X2.C )
CHK: delay(0 0), type(tCEH), from(X2.CE ), to(X2.C )
CHK: delay(200 200), type(tCES), from(X2.CE ), to(X2.C )
CHK: delay(0 0), type(tWLA), from(X2.C ), to(X2.C )
CHK: delay(0 0), type(tWHA), from(X2.C ), to(X2.C )
CHK: delay(200 200), type(tH), from(X2.D ), to(X2.C )
CHK: delay(200 200), type(tS_PT), from(X2.D ), to(X2.C )
MOD: delay(95 95), type(tSRi), from(X3.AR ), to(X3.Q )
MOD: delay(140 140), type(tORP+tBUF+tIOO(LVCMOS18)), from(X3.Q ), to(X3.PAD)
MOD: delay(45 45), type(tCOi), from(X3.C ), to(X3.Q )
CHK: delay(0 0), type(tSRW), from(X3.AR ), to(X3.AR )
CHK: delay(180 180), type(tSRR), from(X3.AR ), to(X3.C )
CHK: delay(0 0), type(tCEH), from(X3.CE ), to(X3.C )
CHK: delay(200 200), type(tCES), from(X3.CE ), to(X3.C )
CHK: delay(0 0), type(tWLA), from(X3.C ), to(X3.C )
CHK: delay(0 0), type(tWHA), from(X3.C ), to(X3.C )
CHK: delay(200 200), type(tH), from(X3.D ), to(X3.C )
CHK: delay(200 200), type(tS_PT), from(X3.D ), to(X3.C )
MOD: delay(95 95), type(tSRi), from(X4.AR ), to(X4.Q )
MOD: delay(140 140), type(tORP+tBUF+tIOO(LVCMOS18)), from(X4.Q ), to(X4.PAD)
MOD: delay(45 45), type(tCOi), from(X4.C ), to(X4.Q )
CHK: delay(0 0), type(tSRW), from(X4.AR ), to(X4.AR )
CHK: delay(180 180), type(tSRR), from(X4.AR ), to(X4.C )
CHK: delay(0 0), type(tCEH), from(X4.CE ), to(X4.C )
CHK: delay(200 200), type(tCES), from(X4.CE ), to(X4.C )
CHK: delay(0 0), type(tWLA), from(X4.C ), to(X4.C )
CHK: delay(0 0), type(tWHA), from(X4.C ), to(X4.C )
CHK: delay(200 200), type(tH), from(X4.D ), to(X4.C )
CHK: delay(200 200), type(tS_PT), from(X4.D ), to(X4.C )
MOD: delay(95 95), type(tSRi), from(X5.AR ), to(X5.Q )
MOD: delay(140 140), type(tORP+tBUF+tIOO(LVCMOS18)), from(X5.Q ), to(X5.PAD)
MOD: delay(45 45), type(tCOi), from(X5.C ), to(X5.Q )
CHK: delay(0 0), type(tSRW), from(X5.AR ), to(X5.AR )
CHK: delay(180 180), type(tSRR), from(X5.AR ), to(X5.C )
CHK: delay(0 0), type(tCEH), from(X5.CE ), to(X5.C )
CHK: delay(200 200), type(tCES), from(X5.CE ), to(X5.C )
CHK: delay(0 0), type(tWLA), from(X5.C ), to(X5.C )
CHK: delay(0 0), type(tWHA), from(X5.C ), to(X5.C )
CHK: delay(200 200), type(tH), from(X5.D ), to(X5.C )
CHK: delay(200 200), type(tS_PT), from(X5.D ), to(X5.C )
MOD: delay(95 95), type(tSRi), from(X6.AR ), to(X6.Q )
MOD: delay(140 140), type(tORP+tBUF+tIOO(LVCMOS18)), from(X6.Q ), to(X6.PAD)
MOD: delay(45 45), type(tCOi), from(X6.C ), to(X6.Q )
CHK: delay(0 0), type(tSRW), from(X6.AR ), to(X6.AR )
CHK: delay(180 180), type(tSRR), from(X6.AR ), to(X6.C )
CHK: delay(0 0), type(tCEH), from(X6.CE ), to(X6.C )
CHK: delay(200 200), type(tCES), from(X6.CE ), to(X6.C )
CHK: delay(0 0), type(tWLA), from(X6.C ), to(X6.C )
CHK: delay(0 0), type(tWHA), from(X6.C ), to(X6.C )
CHK: delay(200 200), type(tH), from(X6.D ), to(X6.C )
CHK: delay(200 200), type(tS_PT), from(X6.D ), to(X6.C )
MOD: delay(95 95), type(tSRi), from(X7.AR ), to(X7.Q )
MOD: delay(140 140), type(tORP+tBUF+tIOO(LVCMOS18)), from(X7.Q ), to(X7.PAD)
MOD: delay(45 45), type(tCOi), from(X7.C ), to(X7.Q )
CHK: delay(0 0), type(tSRW), from(X7.AR ), to(X7.AR )
CHK: delay(180 180), type(tSRR), from(X7.AR ), to(X7.C )
CHK: delay(0 0), type(tCEH), from(X7.CE ), to(X7.C )
CHK: delay(200 200), type(tCES), from(X7.CE ), to(X7.C )
CHK: delay(0 0), type(tWLA), from(X7.C ), to(X7.C )
CHK: delay(0 0), type(tWHA), from(X7.C ), to(X7.C )
CHK: delay(200 200), type(tH), from(X7.D ), to(X7.C )
CHK: delay(200 200), type(tS_PT), from(X7.D ), to(X7.C )
MOD: delay(95 95), type(tSRi), from(Y0.AP ), to(Y0.Q )
MOD: delay(140 140), type(tORP+tBUF+tIOO(LVCMOS18)), from(Y0.Q ), to(Y0.PAD)
MOD: delay(45 45), type(tCOi), from(Y0.C ), to(Y0.Q )
CHK: delay(0 0), type(tSRW), from(Y0.AP ), to(Y0.AP )
CHK: delay(180 180), type(tSRR), from(Y0.AP ), to(Y0.C )
CHK: delay(0 0), type(tCEH), from(Y0.CE ), to(Y0.C )
CHK: delay(200 200), type(tCES), from(Y0.CE ), to(Y0.C )
CHK: delay(0 0), type(tWLA), from(Y0.C ), to(Y0.C )
CHK: delay(0 0), type(tWHA), from(Y0.C ), to(Y0.C )
CHK: delay(200 200), type(tH), from(Y0.D ), to(Y0.C )
CHK: delay(200 200), type(tS_PT), from(Y0.D ), to(Y0.C )
MOD: delay(95 95), type(tSRi), from(Y1.AR ), to(Y1.Q )
MOD: delay(140 140), type(tORP+tBUF+tIOO(LVCMOS18)), from(Y1.Q ), to(Y1.PAD)
MOD: delay(45 45), type(tCOi), from(Y1.C ), to(Y1.Q )
CHK: delay(0 0), type(tSRW), from(Y1.AR ), to(Y1.AR )
CHK: delay(180 180), type(tSRR), from(Y1.AR ), to(Y1.C )
CHK: delay(0 0), type(tCEH), from(Y1.CE ), to(Y1.C )
CHK: delay(200 200), type(tCES), from(Y1.CE ), to(Y1.C )
CHK: delay(0 0), type(tWLA), from(Y1.C ), to(Y1.C )
CHK: delay(0 0), type(tWHA), from(Y1.C ), to(Y1.C )
CHK: delay(200 200), type(tH), from(Y1.D ), to(Y1.C )
CHK: delay(200 200), type(tS_PT), from(Y1.D ), to(Y1.C )
MOD: delay(95 95), type(tSRi), from(Y2.AR ), to(Y2.Q )
MOD: delay(140 140), type(tORP+tBUF+tIOO(LVCMOS18)), from(Y2.Q ), to(Y2.PAD)
MOD: delay(45 45), type(tCOi), from(Y2.C ), to(Y2.Q )
CHK: delay(0 0), type(tSRW), from(Y2.AR ), to(Y2.AR )
CHK: delay(180 180), type(tSRR), from(Y2.AR ), to(Y2.C )
CHK: delay(0 0), type(tCEH), from(Y2.CE ), to(Y2.C )
CHK: delay(200 200), type(tCES), from(Y2.CE ), to(Y2.C )
CHK: delay(0 0), type(tWLA), from(Y2.C ), to(Y2.C )
CHK: delay(0 0), type(tWHA), from(Y2.C ), to(Y2.C )
CHK: delay(200 200), type(tH), from(Y2.D ), to(Y2.C )
CHK: delay(200 200), type(tS_PT), from(Y2.D ), to(Y2.C )
MOD: delay(95 95), type(tSRi), from(Y3.AR ), to(Y3.Q )
MOD: delay(140 140), type(tORP+tBUF+tIOO(LVCMOS18)), from(Y3.Q ), to(Y3.PAD)
MOD: delay(45 45), type(tCOi), from(Y3.C ), to(Y3.Q )
CHK: delay(0 0), type(tSRW), from(Y3.AR ), to(Y3.AR )
CHK: delay(180 180), type(tSRR), from(Y3.AR ), to(Y3.C )
CHK: delay(0 0), type(tCEH), from(Y3.CE ), to(Y3.C )
CHK: delay(200 200), type(tCES), from(Y3.CE ), to(Y3.C )
CHK: delay(0 0), type(tWLA), from(Y3.C ), to(Y3.C )
CHK: delay(0 0), type(tWHA), from(Y3.C ), to(Y3.C )
CHK: delay(200 200), type(tH), from(Y3.D ), to(Y3.C )
CHK: delay(200 200), type(tS_PT), from(Y3.D ), to(Y3.C )
MOD: delay(95 95), type(tSRi), from(Y4.AR ), to(Y4.Q )
MOD: delay(140 140), type(tORP+tBUF+tIOO(LVCMOS18)), from(Y4.Q ), to(Y4.PAD)
MOD: delay(45 45), type(tCOi), from(Y4.C ), to(Y4.Q )
CHK: delay(0 0), type(tSRW), from(Y4.AR ), to(Y4.AR )
CHK: delay(180 180), type(tSRR), from(Y4.AR ), to(Y4.C )
CHK: delay(0 0), type(tCEH), from(Y4.CE ), to(Y4.C )
CHK: delay(200 200), type(tCES), from(Y4.CE ), to(Y4.C )
CHK: delay(0 0), type(tWLA), from(Y4.C ), to(Y4.C )
CHK: delay(0 0), type(tWHA), from(Y4.C ), to(Y4.C )
CHK: delay(200 200), type(tH), from(Y4.D ), to(Y4.C )
CHK: delay(200 200), type(tS_PT), from(Y4.D ), to(Y4.C )
MOD: delay(95 95), type(tSRi), from(Y5.AR ), to(Y5.Q )
MOD: delay(140 140), type(tORP+tBUF+tIOO(LVCMOS18)), from(Y5.Q ), to(Y5.PAD)
MOD: delay(45 45), type(tCOi), from(Y5.C ), to(Y5.Q )
CHK: delay(0 0), type(tSRW), from(Y5.AR ), to(Y5.AR )
CHK: delay(180 180), type(tSRR), from(Y5.AR ), to(Y5.C )
CHK: delay(0 0), type(tCEH), from(Y5.CE ), to(Y5.C )
CHK: delay(200 200), type(tCES), from(Y5.CE ), to(Y5.C )
CHK: delay(0 0), type(tWLA), from(Y5.C ), to(Y5.C )
CHK: delay(0 0), type(tWHA), from(Y5.C ), to(Y5.C )
CHK: delay(200 200), type(tH), from(Y5.D ), to(Y5.C )
CHK: delay(200 200), type(tS_PT), from(Y5.D ), to(Y5.C )
MOD: delay(95 95), type(tSRi), from(Y6.AR ), to(Y6.Q )
MOD: delay(140 140), type(tORP+tBUF+tIOO(LVCMOS18)), from(Y6.Q ), to(Y6.PAD)
MOD: delay(45 45), type(tCOi), from(Y6.C ), to(Y6.Q )
CHK: delay(0 0), type(tSRW), from(Y6.AR ), to(Y6.AR )
CHK: delay(180 180), type(tSRR), from(Y6.AR ), to(Y6.C )
CHK: delay(0 0), type(tCEH), from(Y6.CE ), to(Y6.C )
CHK: delay(200 200), type(tCES), from(Y6.CE ), to(Y6.C )
CHK: delay(0 0), type(tWLA), from(Y6.C ), to(Y6.C )
CHK: delay(0 0), type(tWHA), from(Y6.C ), to(Y6.C )
CHK: delay(200 200), type(tH), from(Y6.D ), to(Y6.C )
CHK: delay(200 200), type(tS_PT), from(Y6.D ), to(Y6.C )
MOD: delay(95 95), type(tSRi), from(Y7.AR ), to(Y7.Q )
MOD: delay(140 140), type(tORP+tBUF+tIOO(LVCMOS18)), from(Y7.Q ), to(Y7.PAD)
MOD: delay(45 45), type(tCOi), from(Y7.C ), to(Y7.Q )
CHK: delay(0 0), type(tSRW), from(Y7.AR ), to(Y7.AR )
CHK: delay(180 180), type(tSRR), from(Y7.AR ), to(Y7.C )
CHK: delay(0 0), type(tCEH), from(Y7.CE ), to(Y7.C )
CHK: delay(200 200), type(tCES), from(Y7.CE ), to(Y7.C )
CHK: delay(0 0), type(tWLA), from(Y7.C ), to(Y7.C )
CHK: delay(0 0), type(tWHA), from(Y7.C ), to(Y7.C )
CHK: delay(200 200), type(tH), from(Y7.D ), to(Y7.C )
CHK: delay(200 200), type(tS_PT), from(Y7.D ), to(Y7.C )
MOD: delay(95 95), type(tSRi), from(S1.AP ), to(S1.Q )
MOD: delay(95 95), type(tSRi), from(S1.AR ), to(S1.Q )
MOD: delay(140 140), type(tORP+tBUF+tIOO(LVCMOS18)), from(S1.Q ), to(S1.PAD)
MOD: delay(45 45), type(tCOi), from(S1.C ), to(S1.Q )
CHK: delay(0 0), type(tSRW), from(S1.AP ), to(S1.AP )
CHK: delay(180 180), type(tSRR), from(S1.AP ), to(S1.C )
CHK: delay(0 0), type(tSRW), from(S1.AR ), to(S1.AR )
CHK: delay(180 180), type(tSRR), from(S1.AR ), to(S1.C )
CHK: delay(0 0), type(tWLA), from(S1.C ), to(S1.C )
CHK: delay(0 0), type(tWHA), from(S1.C ), to(S1.C )
CHK: delay(200 200), type(tH), from(S1.D ), to(S1.C )
CHK: delay(200 200), type(tS_PT), from(S1.D ), to(S1.C )
MOD: delay(95 95), type(tSRi), from(Q3.AR ), to(Q3.Q )
MOD: delay(140 140), type(tORP+tBUF+tIOO(LVCMOS18)), from(Q3.Q ), to(Q3.PAD)
MOD: delay(45 45), type(tCOi), from(Q3.C ), to(Q3.Q )
CHK: delay(0 0), type(tSRW), from(Q3.AR ), to(Q3.AR )
CHK: delay(180 180), type(tSRR), from(Q3.AR ), to(Q3.C )
CHK: delay(0 0), type(tWLA), from(Q3.C ), to(Q3.C )
CHK: delay(0 0), type(tWHA), from(Q3.C ), to(Q3.C )
CHK: delay(200 200), type(tH), from(Q3.D ), to(Q3.C )
CHK: delay(200 200), type(tS_PT), from(Q3.D ), to(Q3.C )
MOD: delay(95 95), type(tSRi), from(Q2.AR ), to(Q2.Q )
MOD: delay(140 140), type(tORP+tBUF+tIOO(LVCMOS18)), from(Q2.Q ), to(Q2.PAD)
MOD: delay(45 45), type(tCOi), from(Q2.C ), to(Q2.Q )
CHK: delay(0 0), type(tSRW), from(Q2.AR ), to(Q2.AR )
CHK: delay(180 180), type(tSRR), from(Q2.AR ), to(Q2.C )
CHK: delay(0 0), type(tWLA), from(Q2.C ), to(Q2.C )
CHK: delay(0 0), type(tWHA), from(Q2.C ), to(Q2.C )
CHK: delay(200 200), type(tH), from(Q2.D.X2 ), to(Q2.C )
CHK: delay(200 200), type(tS_PT), from(Q2.D.X2 ), to(Q2.C )
CHK: delay(200 200), type(tH), from(Q2.D.X1 ), to(Q2.C )
CHK: delay(200 200), type(tS_PT), from(Q2.D.X1 ), to(Q2.C )
MOD: delay(95 95), type(tSRi), from(Q1.AR ), to(Q1.Q )
MOD: delay(140 140), type(tORP+tBUF+tIOO(LVCMOS18)), from(Q1.Q ), to(Q1.PAD)
MOD: delay(45 45), type(tCOi), from(Q1.C ), to(Q1.Q )
CHK: delay(0 0), type(tSRW), from(Q1.AR ), to(Q1.AR )
CHK: delay(180 180), type(tSRR), from(Q1.AR ), to(Q1.C )
CHK: delay(0 0), type(tWLA), from(Q1.C ), to(Q1.C )
CHK: delay(0 0), type(tWHA), from(Q1.C ), to(Q1.C )
CHK: delay(200 200), type(tH), from(Q1.D.X2 ), to(Q1.C )
CHK: delay(200 200), type(tS_PT), from(Q1.D.X2 ), to(Q1.C )
CHK: delay(200 200), type(tH), from(Q1.D.X1 ), to(Q1.C )
CHK: delay(200 200), type(tS_PT), from(Q1.D.X1 ), to(Q1.C )
MOD: delay(95 95), type(tSRi), from(Q0.AR ), to(Q0.Q )
MOD: delay(140 140), type(tORP+tBUF+tIOO(LVCMOS18)), from(Q0.Q ), to(Q0.PAD)
MOD: delay(45 45), type(tCOi), from(Q0.C ), to(Q0.Q )
CHK: delay(0 0), type(tSRW), from(Q0.AR ), to(Q0.AR )
CHK: delay(180 180), type(tSRR), from(Q0.AR ), to(Q0.C )
CHK: delay(0 0), type(tWLA), from(Q0.C ), to(Q0.C )
CHK: delay(0 0), type(tWHA), from(Q0.C ), to(Q0.C )
CHK: delay(200 200), type(tH), from(Q0.D.X2 ), to(Q0.C )
CHK: delay(200 200), type(tS_PT), from(Q0.D.X2 ), to(Q0.C )
CHK: delay(200 200), type(tH), from(Q0.D.X1 ), to(Q0.C )
CHK: delay(200 200), type(tS_PT), from(Q0.D.X1 ), to(Q0.C )
MOD: delay(140 140), type(tORP+tBUF+tIOO(LVCMOS18)), from(P3.Q ), to(P3.PAD)
MOD: delay(45 45), type(tCOi), from(P3.C ), to(P3.Q )
CHK: delay(0 0), type(tWLA), from(P3.C ), to(P3.C )
CHK: delay(0 0), type(tWHA), from(P3.C ), to(P3.C )
CHK: delay(200 200), type(tH), from(P3.D ), to(P3.C )
CHK: delay(200 200), type(tS_PT), from(P3.D ), to(P3.C )
MOD: delay(140 140), type(tORP+tBUF+tIOO(LVCMOS18)), from(P2.Q ), to(P2.PAD)
MOD: delay(45 45), type(tCOi), from(P2.C ), to(P2.Q )
CHK: delay(0 0), type(tWLA), from(P2.C ), to(P2.C )
CHK: delay(0 0), type(tWHA), from(P2.C ), to(P2.C )
CHK: delay(200 200), type(tH), from(P2.D ), to(P2.C )
CHK: delay(200 200), type(tS_PT), from(P2.D ), to(P2.C )
MOD: delay(140 140), type(tORP+tBUF+tIOO(LVCMOS18)), from(P1.Q ), to(P1.PAD)
MOD: delay(45 45), type(tCOi), from(P1.C ), to(P1.Q )
CHK: delay(0 0), type(tWLA), from(P1.C ), to(P1.C )
CHK: delay(0 0), type(tWHA), from(P1.C ), to(P1.C )
CHK: delay(200 200), type(tH), from(P1.D ), to(P1.C )
CHK: delay(200 200), type(tS_PT), from(P1.D ), to(P1.C )
MOD: delay(140 140), type(tORP+tBUF+tIOO(LVCMOS18)), from(P0.Q ), to(P0.PAD)
MOD: delay(45 45), type(tCOi), from(P0.C ), to(P0.Q )
CHK: delay(0 0), type(tWLA), from(P0.C ), to(P0.C )
CHK: delay(0 0), type(tWHA), from(P0.C ), to(P0.C )
CHK: delay(200 200), type(tHT), from(P0.T ), to(P0.C )
CHK: delay(220 220), type(tST_PT), from(P0.T ), to(P0.C )
MOD: delay(140 140), type(tORP+tBUF+tIOO(LVCMOS18)), from(L16.Q ), to(L16.PAD)
MOD: delay(45 45), type(tCOi), from(L16.C ), to(L16.Q )
CHK: delay(0 0), type(tWLA), from(L16.C ), to(L16.C )
CHK: delay(0 0), type(tWHA), from(L16.C ), to(L16.C )
CHK: delay(200 200), type(tH), from(L16.D ), to(L16.C )
CHK: delay(200 200), type(tS_PT), from(L16.D ), to(L16.C )
MOD: delay(45 45), type(tPDi), from(osc_dis ), to(osc_dis.OUT)
MOD: delay(45 45), type(tCOi), from(timediv.C ), to(timediv.Q )
CHK: delay(0 0), type(tWLA), from(timediv.C ), to(timediv.C )
CHK: delay(0 0), type(tWHA), from(timediv.C ), to(timediv.C )
CHK: delay(200 200), type(tH), from(timediv.D ), to(timediv.C )
CHK: delay(200 200), type(tS_PT), from(timediv.D ), to(timediv.C )
MOD: delay(45 45), type(tCOi), from(timediv2.C ), to(timediv2.Q )
CHK: delay(0 0), type(tWLA), from(timediv2.C ), to(timediv2.C )
CHK: delay(0 0), type(tWHA), from(timediv2.C ), to(timediv2.C )
CHK: delay(200 200), type(tH), from(timediv2.D ), to(timediv2.C )
CHK: delay(200 200), type(tS_PT), from(timediv2.D ), to(timediv2.C )
MOD: delay(45 45), type(tCOi), from(dd7.C ), to(dd7.Q )
CHK: delay(0 0), type(tWLA), from(dd7.C ), to(dd7.C )
CHK: delay(0 0), type(tWHA), from(dd7.C ), to(dd7.C )
CHK: delay(200 200), type(tH), from(dd7.D ), to(dd7.C )
CHK: delay(200 200), type(tS_PT), from(dd7.D ), to(dd7.C )
MOD: delay(45 45), type(tCOi), from(dd8.C ), to(dd8.Q )
CHK: delay(0 0), type(tWLA), from(dd8.C ), to(dd8.C )
CHK: delay(0 0), type(tWHA), from(dd8.C ), to(dd8.C )
CHK: delay(200 200), type(tH), from(dd8.D ), to(dd8.C )
CHK: delay(200 200), type(tS_PT), from(dd8.D ), to(dd8.C )
MOD: delay(45 45), type(tCOi), from(dd9.C ), to(dd9.Q )
CHK: delay(0 0), type(tWLA), from(dd9.C ), to(dd9.C )
CHK: delay(0 0), type(tWHA), from(dd9.C ), to(dd9.C )
CHK: delay(200 200), type(tH), from(dd9.D ), to(dd9.C )
CHK: delay(200 200), type(tS_PT), from(dd9.D ), to(dd9.C )
MOD: delay(45 45), type(tCOi), from(dd10.C ), to(dd10.Q )
CHK: delay(0 0), type(tWLA), from(dd10.C ), to(dd10.C )
CHK: delay(0 0), type(tWHA), from(dd10.C ), to(dd10.C )
CHK: delay(200 200), type(tH), from(dd10.D ), to(dd10.C )
CHK: delay(200 200), type(tS_PT), from(dd10.D ), to(dd10.C )
MOD: delay(45 45), type(tCOi), from(dd11.C ), to(dd11.Q )
CHK: delay(0 0), type(tWLA), from(dd11.C ), to(dd11.C )
CHK: delay(0 0), type(tWHA), from(dd11.C ), to(dd11.C )
CHK: delay(200 200), type(tH), from(dd11.D ), to(dd11.C )
CHK: delay(200 200), type(tS_PT), from(dd11.D ), to(dd11.C )
MOD: delay(45 45), type(tCOi), from(dd12.C ), to(dd12.Q )
CHK: delay(0 0), type(tWLA), from(dd12.C ), to(dd12.C )
CHK: delay(0 0), type(tWHA), from(dd12.C ), to(dd12.C )
CHK: delay(200 200), type(tH), from(dd12.D ), to(dd12.C )
CHK: delay(200 200), type(tS_PT), from(dd12.D ), to(dd12.C )
MOD: delay(45 45), type(tCOi), from(dd13.C ), to(dd13.Q )
CHK: delay(0 0), type(tWLA), from(dd13.C ), to(dd13.C )
CHK: delay(0 0), type(tWHA), from(dd13.C ), to(dd13.C )
CHK: delay(200 200), type(tH), from(dd13.D ), to(dd13.C )
CHK: delay(200 200), type(tS_PT), from(dd13.D ), to(dd13.C )
MOD: delay(45 45), type(tCOi), from(dd14.C ), to(dd14.Q )
CHK: delay(0 0), type(tWLA), from(dd14.C ), to(dd14.C )
CHK: delay(0 0), type(tWHA), from(dd14.C ), to(dd14.C )
CHK: delay(200 200), type(tH), from(dd14.D ), to(dd14.C )
CHK: delay(200 200), type(tS_PT), from(dd14.D ), to(dd14.C )
MOD: delay(45 45), type(tCOi), from(dd15.C ), to(dd15.Q )
CHK: delay(0 0), type(tWLA), from(dd15.C ), to(dd15.C )
CHK: delay(0 0), type(tWHA), from(dd15.C ), to(dd15.C )
CHK: delay(200 200), type(tH), from(dd15.D ), to(dd15.C )
CHK: delay(200 200), type(tS_PT), from(dd15.D ), to(dd15.C )
MOD: delay(45 45), type(tCOi), from(dd16.C ), to(dd16.Q )
CHK: delay(0 0), type(tWLA), from(dd16.C ), to(dd16.C )
CHK: delay(0 0), type(tWHA), from(dd16.C ), to(dd16.C )
CHK: delay(200 200), type(tH), from(dd16.D ), to(dd16.C )
CHK: delay(200 200), type(tS_PT), from(dd16.D ), to(dd16.C )
MOD: delay(45 45), type(tCOi), from(dd17.C ), to(dd17.Q )
CHK: delay(0 0), type(tWLA), from(dd17.C ), to(dd17.C )
CHK: delay(0 0), type(tWHA), from(dd17.C ), to(dd17.C )
CHK: delay(200 200), type(tH), from(dd17.D ), to(dd17.C )
CHK: delay(200 200), type(tS_PT), from(dd17.D ), to(dd17.C )
MOD: delay(45 45), type(tCOi), from(dd18.C ), to(dd18.Q )
CHK: delay(0 0), type(tWLA), from(dd18.C ), to(dd18.C )
CHK: delay(0 0), type(tWHA), from(dd18.C ), to(dd18.C )
CHK: delay(200 200), type(tH), from(dd18.D ), to(dd18.C )
CHK: delay(200 200), type(tS_PT), from(dd18.D ), to(dd18.C )
MOD: delay(45 45), type(tCOi), from(dd19.C ), to(dd19.Q )
CHK: delay(0 0), type(tWLA), from(dd19.C ), to(dd19.C )
CHK: delay(0 0), type(tWHA), from(dd19.C ), to(dd19.C )
CHK: delay(200 200), type(tH), from(dd19.D ), to(dd19.C )
CHK: delay(200 200), type(tS_PT), from(dd19.D ), to(dd19.C )
MOD: delay(45 45), type(tCOi), from(dd20.C ), to(dd20.Q )
CHK: delay(0 0), type(tWLA), from(dd20.C ), to(dd20.C )
CHK: delay(0 0), type(tWHA), from(dd20.C ), to(dd20.C )
CHK: delay(200 200), type(tH), from(dd20.D ), to(dd20.C )
CHK: delay(200 200), type(tS_PT), from(dd20.D ), to(dd20.C )
MOD: delay(45 45), type(tPDi), from(Q3_0 ), to(Q3_0.OUT)
MOD: delay(45 45), type(tPDi), from(_dup_osc_dis ), to(_dup_osc_dis.OUT)
NET: delay(370 370), type(tFBK+tROUTE+tBLA+tMCELL), from(X6.Q ), to(Q3.D )
NET: delay(370 370), type(tFBK+tROUTE+tBLA+tMCELL), from(X6.Q ), to(X7.D )
NET: delay(370 370), type(tFBK+tROUTE+tBLA+tMCELL), from(X6.Q ), to(LED6 )
NET: delay(75 75), type(tFBK), from(_dup_osc_dis.OUT), to(I1.TIMERRES)
NET: delay(75 75), type(tFBK), from(osc_dis.OUT), to(I1.DYNOSCDIS)
NET: delay(380 380), type(tFBK+tROUTE+tBLA*3+tMCELL), from(X5.Q ), to(Q0.D.X1 )
NET: delay(380 380), type(tFBK+tROUTE+tBLA*3+tMCELL), from(X5.Q ), to(Q3.D )
NET: delay(380 380), type(tFBK+tROUTE+tBLA*3+tMCELL), from(X5.Q ), to(X6.D )
NET: delay(380 380), type(tFBK+tROUTE+tBLA*3+tMCELL), from(X5.Q ), to(LED5 )
NET: delay(380 380), type(tFBK+tROUTE+tBLA*3+tMCELL), from(X4.Q ), to(Q1.D.X1 )
NET: delay(380 380), type(tFBK+tROUTE+tBLA*3+tMCELL), from(X4.Q ), to(Q3.D )
NET: delay(380 380), type(tFBK+tROUTE+tBLA*3+tMCELL), from(X4.Q ), to(X5.D )
NET: delay(380 380), type(tFBK+tROUTE+tBLA*3+tMCELL), from(X4.Q ), to(X0.T )
NET: delay(380 380), type(tFBK+tROUTE+tBLA*3+tMCELL), from(X4.Q ), to(LED4 )
NET: delay(380 380), type(tFBK+tROUTE+tBLA*3+tMCELL), from(X3.Q ), to(Q0.D.X1 )
NET: delay(380 380), type(tFBK+tROUTE+tBLA*3+tMCELL), from(X3.Q ), to(Q1.D.X1 )
NET: delay(380 380), type(tFBK+tROUTE+tBLA*3+tMCELL), from(X3.Q ), to(Q3.D )
NET: delay(380 380), type(tFBK+tROUTE+tBLA*3+tMCELL), from(X3.Q ), to(X4.D )
NET: delay(380 380), type(tFBK+tROUTE+tBLA*3+tMCELL), from(X3.Q ), to(X0.T )
NET: delay(380 380), type(tFBK+tROUTE+tBLA*3+tMCELL), from(X3.Q ), to(LED3 )
NET: delay(380 380), type(tFBK+tROUTE+tBLA*3+tMCELL), from(X2.Q ), to(Q2.D.X1 )
NET: delay(380 380), type(tFBK+tROUTE+tBLA*3+tMCELL), from(X2.Q ), to(Q3.D )
NET: delay(380 380), type(tFBK+tROUTE+tBLA*3+tMCELL), from(X2.Q ), to(X3.D )
NET: delay(380 380), type(tFBK+tROUTE+tBLA*3+tMCELL), from(X2.Q ), to(X0.T )
NET: delay(380 380), type(tFBK+tROUTE+tBLA*3+tMCELL), from(X2.Q ), to(LED2 )
NET: delay(380 380), type(tFBK+tROUTE+tBLA*3+tMCELL), from(X1.Q ), to(Q0.D.X1 )
NET: delay(380 380), type(tFBK+tROUTE+tBLA*3+tMCELL), from(X1.Q ), to(Q2.D.X1 )
NET: delay(380 380), type(tFBK+tROUTE+tBLA*3+tMCELL), from(X1.Q ), to(Q3.D )
NET: delay(380 380), type(tFBK+tROUTE+tBLA*3+tMCELL), from(X1.Q ), to(X2.D )
NET: delay(380 380), type(tFBK+tROUTE+tBLA*3+tMCELL), from(X1.Q ), to(LED1 )
NET: delay(380 380), type(tFBK+tROUTE+tBLA*3+tMCELL), from(X0.Q ), to(Q1.D.X1 )
NET: delay(380 380), type(tFBK+tROUTE+tBLA*3+tMCELL), from(X0.Q ), to(Q2.D.X1 )
NET: delay(380 380), type(tFBK+tROUTE+tBLA*3+tMCELL), from(X0.Q ), to(Q3.D )
NET: delay(380 380), type(tFBK+tROUTE+tBLA*3+tMCELL), from(X0.Q ), to(X1.D )
NET: delay(380 380), type(tFBK+tROUTE+tBLA*3+tMCELL), from(X0.Q ), to(LED0 )
NET: delay(450 450), type(tIN+tIOI(LVCMOS18)+tROUTE+tBLA*11+tMCELL), from(DIP7.PAD), to(Q3_0 )
NET: delay(450 450), type(tIN+tIOI(LVCMOS18)+tROUTE+tBLA*11+tMCELL), from(DIP7.PAD), to(dd20.D )
NET: delay(450 450), type(tIN+tIOI(LVCMOS18)+tROUTE+tBLA*11+tMCELL), from(DIP7.PAD), to(dd19.D )
NET: delay(450 450), type(tIN+tIOI(LVCMOS18)+tROUTE+tBLA*11+tMCELL), from(DIP7.PAD), to(dd18.D )
NET: delay(450 450), type(tIN+tIOI(LVCMOS18)+tROUTE+tBLA*11+tMCELL), from(DIP7.PAD), to(dd17.D )
NET: delay(450 450), type(tIN+tIOI(LVCMOS18)+tROUTE+tBLA*11+tMCELL), from(DIP7.PAD), to(dd16.D )
NET: delay(450 450), type(tIN+tIOI(LVCMOS18)+tROUTE+tBLA*11+tMCELL), from(DIP7.PAD), to(dd15.D )
NET: delay(450 450), type(tIN+tIOI(LVCMOS18)+tROUTE+tBLA*11+tMCELL), from(DIP7.PAD), to(dd14.D )
NET: delay(450 450), type(tIN+tIOI(LVCMOS18)+tROUTE+tBLA*11+tMCELL), from(DIP7.PAD), to(dd13.D )
NET: delay(450 450), type(tIN+tIOI(LVCMOS18)+tROUTE+tBLA*11+tMCELL), from(DIP7.PAD), to(dd12.D )
NET: delay(450 450), type(tIN+tIOI(LVCMOS18)+tROUTE+tBLA*11+tMCELL), from(DIP7.PAD), to(dd11.D )
NET: delay(450 450), type(tIN+tIOI(LVCMOS18)+tROUTE+tBLA*11+tMCELL), from(DIP7.PAD), to(dd10.D )
NET: delay(450 450), type(tIN+tIOI(LVCMOS18)+tROUTE+tBLA*11+tMCELL), from(DIP7.PAD), to(dd9.D )
NET: delay(450 450), type(tIN+tIOI(LVCMOS18)+tROUTE+tBLA*11+tMCELL), from(DIP7.PAD), to(dd8.D )
NET: delay(450 450), type(tIN+tIOI(LVCMOS18)+tROUTE+tBLA*11+tMCELL), from(DIP7.PAD), to(dd7.D )
NET: delay(570 570), type(tIN+tIOI(LVCMOS18)+tROUTE+tBLA*11+tBSR), from(DIP7.PAD), to(Y7.AR )
NET: delay(570 570), type(tIN+tIOI(LVCMOS18)+tROUTE+tBLA*11+tPTSR), from(DIP7.PAD), to(Y6.AR )
NET: delay(570 570), type(tIN+tIOI(LVCMOS18)+tROUTE+tBLA*11+tBSR), from(DIP7.PAD), to(Y5.AR )
NET: delay(570 570), type(tIN+tIOI(LVCMOS18)+tROUTE+tBLA*11+tPTSR), from(DIP7.PAD), to(Y4.AR )
NET: delay(570 570), type(tIN+tIOI(LVCMOS18)+tROUTE+tBLA*11+tPTSR), from(DIP7.PAD), to(Y3.AR )
NET: delay(570 570), type(tIN+tIOI(LVCMOS18)+tROUTE+tBLA*11+tBSR), from(DIP7.PAD), to(Y2.AR )
NET: delay(570 570), type(tIN+tIOI(LVCMOS18)+tROUTE+tBLA*11+tPTSR), from(DIP7.PAD), to(Y1.AR )
NET: delay(570 570), type(tIN+tIOI(LVCMOS18)+tROUTE+tBLA*11+tBSR), from(DIP7.PAD), to(Y0.AP )
NET: delay(570 570), type(tIN+tIOI(LVCMOS18)+tROUTE+tBLA*11+tPTSR), from(DIP7.PAD), to(X7.AR )
NET: delay(570 570), type(tIN+tIOI(LVCMOS18)+tROUTE+tBLA*11+tPTSR), from(DIP7.PAD), to(X6.AR )
NET: delay(570 570), type(tIN+tIOI(LVCMOS18)+tROUTE+tBLA*11+tPTSR), from(DIP7.PAD), to(X5.AR )
NET: delay(570 570), type(tIN+tIOI(LVCMOS18)+tROUTE+tBLA*11+tPTSR), from(DIP7.PAD), to(X4.AR )
NET: delay(570 570), type(tIN+tIOI(LVCMOS18)+tROUTE+tBLA*11+tBSR), from(DIP7.PAD), to(X3.AR )
NET: delay(570 570), type(tIN+tIOI(LVCMOS18)+tROUTE+tBLA*11+tBSR), from(DIP7.PAD), to(X2.AR )
NET: delay(570 570), type(tIN+tIOI(LVCMOS18)+tROUTE+tBLA*11+tPTSR), from(DIP7.PAD), to(X1.AR )
NET: delay(570 570), type(tIN+tIOI(LVCMOS18)+tROUTE+tBLA*11+tPTSR), from(DIP7.PAD), to(X0.AR )
NET: delay(450 450), type(tIN+tIOI(LVCMOS18)+tROUTE+tBLA*11+tMCELL), from(DIP7.PAD), to(DIS4g.D )
NET: delay(450 450), type(tIN+tIOI(LVCMOS18)+tROUTE+tBLA*11+tMCELL), from(DIP7.PAD), to(DIS4f.D )
NET: delay(450 450), type(tIN+tIOI(LVCMOS18)+tROUTE+tBLA*11+tMCELL), from(DIP7.PAD), to(DIS4e.D )
NET: delay(450 450), type(tIN+tIOI(LVCMOS18)+tROUTE+tBLA*11+tMCELL), from(DIP7.PAD), to(DIS4d.D )
NET: delay(450 450), type(tIN+tIOI(LVCMOS18)+tROUTE+tBLA*11+tMCELL), from(DIP7.PAD), to(DIS4c.D )
NET: delay(450 450), type(tIN+tIOI(LVCMOS18)+tROUTE+tBLA*11+tMCELL), from(DIP7.PAD), to(DIS4b.D )
NET: delay(450 450), type(tIN+tIOI(LVCMOS18)+tROUTE+tBLA*11+tMCELL), from(DIP7.PAD), to(DIS4a.D )
NET: delay(450 450), type(tIN+tIOI(LVCMOS18)+tROUTE+tBLA*11+tMCELL), from(DIP7.PAD), to(DIS3g.D )
NET: delay(450 450), type(tIN+tIOI(LVCMOS18)+tROUTE+tBLA*11+tMCELL), from(DIP7.PAD), to(DIS3f.D )
NET: delay(450 450), type(tIN+tIOI(LVCMOS18)+tROUTE+tBLA*11+tMCELL), from(DIP7.PAD), to(DIS3e.D )
NET: delay(450 450), type(tIN+tIOI(LVCMOS18)+tROUTE+tBLA*11+tMCELL), from(DIP7.PAD), to(DIS3d.D )
NET: delay(450 450), type(tIN+tIOI(LVCMOS18)+tROUTE+tBLA*11+tMCELL), from(DIP7.PAD), to(DIS3c.D )
NET: delay(450 450), type(tIN+tIOI(LVCMOS18)+tROUTE+tBLA*11+tMCELL), from(DIP7.PAD), to(DIS3b.D )
NET: delay(450 450), type(tIN+tIOI(LVCMOS18)+tROUTE+tBLA*11+tMCELL), from(DIP7.PAD), to(DIS3a.D )
NET: delay(450 450), type(tIN+tIOI(LVCMOS18)+tROUTE+tBLA*11+tMCELL), from(DIP7.PAD), to(DIS2g.D )
NET: delay(450 450), type(tIN+tIOI(LVCMOS18)+tROUTE+tBLA*11+tMCELL), from(DIP7.PAD), to(DIS2f.D )
NET: delay(450 450), type(tIN+tIOI(LVCMOS18)+tROUTE+tBLA*11+tMCELL), from(DIP7.PAD), to(DIS2e.D )
NET: delay(450 450), type(tIN+tIOI(LVCMOS18)+tROUTE+tBLA*11+tMCELL), from(DIP7.PAD), to(DIS2d.D )
NET: delay(450 450), type(tIN+tIOI(LVCMOS18)+tROUTE+tBLA*11+tMCELL), from(DIP7.PAD), to(DIS2c.D )
NET: delay(450 450), type(tIN+tIOI(LVCMOS18)+tROUTE+tBLA*11+tMCELL), from(DIP7.PAD), to(DIS2b.D )
NET: delay(450 450), type(tIN+tIOI(LVCMOS18)+tROUTE+tBLA*11+tMCELL), from(DIP7.PAD), to(DIS2a.D )
NET: delay(495 495), type(tFBK+tROUTE+tBLA*10+tBCLK), from(timediv2.Q ), to(dd20.C )
NET: delay(495 495), type(tFBK+tROUTE+tBLA*10+tBCLK), from(timediv2.Q ), to(dd19.C )
NET: delay(495 495), type(tFBK+tROUTE+tBLA*10+tBCLK), from(timediv2.Q ), to(dd18.C )
NET: delay(495 495), type(tFBK+tROUTE+tBLA*10+tBCLK), from(timediv2.Q ), to(dd17.C )
NET: delay(495 495), type(tFBK+tROUTE+tBLA*10+tBCLK), from(timediv2.Q ), to(dd16.C )
NET: delay(495 495), type(tFBK+tROUTE+tBLA*10+tBCLK), from(timediv2.Q ), to(dd15.C )
NET: delay(495 495), type(tFBK+tROUTE+tBLA*10+tBCLK), from(timediv2.Q ), to(dd14.C )
NET: delay(495 495), type(tFBK+tROUTE+tBLA*10+tBCLK), from(timediv2.Q ), to(dd13.C )
NET: delay(495 495), type(tFBK+tROUTE+tBLA*10+tBCLK), from(timediv2.Q ), to(dd12.C )
NET: delay(495 495), type(tFBK+tROUTE+tBLA*10+tBCLK), from(timediv2.Q ), to(dd11.C )
NET: delay(495 495), type(tFBK+tROUTE+tBLA*10+tBCLK), from(timediv2.Q ), to(dd10.C )
NET: delay(495 495), type(tFBK+tROUTE+tBLA*10+tBCLK), from(timediv2.Q ), to(dd9.C )
NET: delay(495 495), type(tFBK+tROUTE+tBLA*10+tBCLK), from(timediv2.Q ), to(dd8.C )
NET: delay(495 495), type(tFBK+tROUTE+tBLA*10+tBCLK), from(timediv2.Q ), to(dd7.C )
NET: delay(415 415), type(tFBK+tROUTE+tBLA*10+tMCELL), from(timediv2.Q ), to(timediv2.D )
NET: delay(495 495), type(tFBK+tROUTE+tBLA*10+tBCLK), from(timediv2.Q ), to(L16.C )
NET: delay(495 495), type(tFBK+tROUTE+tBLA*10+tBCLK), from(timediv2.Q ), to(P0.C )
NET: delay(495 495), type(tFBK+tROUTE+tBLA*10+tPTCLK), from(timediv2.Q ), to(P1.C )
NET: delay(495 495), type(tFBK+tROUTE+tBLA*10+tBCLK), from(timediv2.Q ), to(P2.C )
NET: delay(495 495), type(tFBK+tROUTE+tBLA*10+tBCLK), from(timediv2.Q ), to(P3.C )
NET: delay(495 495), type(tFBK+tROUTE+tBLA*10+tBCLK), from(timediv2.Q ), to(X7.C )
NET: delay(495 495), type(tFBK+tROUTE+tBLA*10+tBCLK), from(timediv2.Q ), to(X6.C )
NET: delay(495 495), type(tFBK+tROUTE+tBLA*10+tBCLK), from(timediv2.Q ), to(X5.C )
NET: delay(495 495), type(tFBK+tROUTE+tBLA*10+tBCLK), from(timediv2.Q ), to(X4.C )
NET: delay(495 495), type(tFBK+tROUTE+tBLA*10+tBCLK), from(timediv2.Q ), to(X3.C )
NET: delay(495 495), type(tFBK+tROUTE+tBLA*10+tBCLK), from(timediv2.Q ), to(X2.C )
NET: delay(495 495), type(tFBK+tROUTE+tBLA*10+tBCLK), from(timediv2.Q ), to(X1.C )
NET: delay(495 495), type(tFBK+tROUTE+tBLA*10+tBCLK), from(timediv2.Q ), to(X0.C )
NET: delay(495 495), type(tFBK+tROUTE+tBLA*10+tBCLK), from(timediv2.Q ), to(DIS4g.C )
NET: delay(495 495), type(tFBK+tROUTE+tBLA*10+tBCLK), from(timediv2.Q ), to(DIS4f.C )
NET: delay(495 495), type(tFBK+tROUTE+tBLA*10+tBCLK), from(timediv2.Q ), to(DIS4e.C )
NET: delay(495 495), type(tFBK+tROUTE+tBLA*10+tBCLK), from(timediv2.Q ), to(DIS4d.C )
NET: delay(495 495), type(tFBK+tROUTE+tBLA*10+tBCLK), from(timediv2.Q ), to(DIS4c.C )
NET: delay(495 495), type(tFBK+tROUTE+tBLA*10+tBCLK), from(timediv2.Q ), to(DIS4b.C )
NET: delay(495 495), type(tFBK+tROUTE+tBLA*10+tBCLK), from(timediv2.Q ), to(DIS4a.C )
NET: delay(495 495), type(tFBK+tROUTE+tBLA*10+tBCLK), from(timediv2.Q ), to(DIS3g.C )
NET: delay(495 495), type(tFBK+tROUTE+tBLA*10+tBCLK), from(timediv2.Q ), to(DIS3f.C )
NET: delay(495 495), type(tFBK+tROUTE+tBLA*10+tBCLK), from(timediv2.Q ), to(DIS3e.C )
NET: delay(495 495), type(tFBK+tROUTE+tBLA*10+tBCLK), from(timediv2.Q ), to(DIS3d.C )
NET: delay(495 495), type(tFBK+tROUTE+tBLA*10+tBCLK), from(timediv2.Q ), to(DIS3c.C )
NET: delay(495 495), type(tFBK+tROUTE+tBLA*10+tBCLK), from(timediv2.Q ), to(DIS3b.C )
NET: delay(495 495), type(tFBK+tROUTE+tBLA*10+tBCLK), from(timediv2.Q ), to(DIS3a.C )
NET: delay(495 495), type(tFBK+tROUTE+tBLA*10+tBCLK), from(timediv2.Q ), to(DIS2g.C )
NET: delay(495 495), type(tFBK+tROUTE+tBLA*10+tBCLK), from(timediv2.Q ), to(DIS2f.C )
NET: delay(495 495), type(tFBK+tROUTE+tBLA*10+tBCLK), from(timediv2.Q ), to(DIS2e.C )
NET: delay(495 495), type(tFBK+tROUTE+tBLA*10+tBCLK), from(timediv2.Q ), to(DIS2d.C )
NET: delay(495 495), type(tFBK+tROUTE+tBLA*10+tBCLK), from(timediv2.Q ), to(DIS2c.C )
NET: delay(495 495), type(tFBK+tROUTE+tBLA*10+tBCLK), from(timediv2.Q ), to(DIS2b.C )
NET: delay(495 495), type(tFBK+tROUTE+tBLA*10+tBCLK), from(timediv2.Q ), to(DIS2a.C )
NET: delay(485 485), type(tIN+tIOI(LVCMOS18)+tROUTE+tBLA*2+tPTCLK), from(DIP0.PAD), to(X7.CE )
NET: delay(485 485), type(tIN+tIOI(LVCMOS18)+tROUTE+tBLA*2+tPTCLK), from(DIP0.PAD), to(X6.CE )
NET: delay(485 485), type(tIN+tIOI(LVCMOS18)+tROUTE+tBLA*2+tPTCLK), from(DIP0.PAD), to(X5.CE )
NET: delay(485 485), type(tIN+tIOI(LVCMOS18)+tROUTE+tBLA*2+tPTCLK), from(DIP0.PAD), to(X4.CE )
NET: delay(485 485), type(tIN+tIOI(LVCMOS18)+tROUTE+tBLA*2+tPTCLK), from(DIP0.PAD), to(X3.CE )
NET: delay(485 485), type(tIN+tIOI(LVCMOS18)+tROUTE+tBLA*2+tPTCLK), from(DIP0.PAD), to(X2.CE )
NET: delay(485 485), type(tIN+tIOI(LVCMOS18)+tROUTE+tBLA*2+tPTCLK), from(DIP0.PAD), to(X1.CE )
NET: delay(485 485), type(tIN+tIOI(LVCMOS18)+tROUTE+tBLA*2+tPTCLK), from(DIP0.PAD), to(X0.CE )
NET: delay(375 375), type(tFBK+tROUTE+tBLA*2+tMCELL), from(X7.Q ), to(Q0.D.X1 )
NET: delay(375 375), type(tFBK+tROUTE+tBLA*2+tMCELL), from(X7.Q ), to(Q1.D.X1 )
NET: delay(375 375), type(tFBK+tROUTE+tBLA*2+tMCELL), from(X7.Q ), to(Q2.D.X1 )
NET: delay(375 375), type(tFBK+tROUTE+tBLA*2+tMCELL), from(X7.Q ), to(LED7 )
NET: delay(400 400), type(tIN+tIOI(LVCMOS18)+tROUTE+tBLA+tMCELL), from(DIP1.PAD), to(LED7 )
NET: delay(400 400), type(tIN+tIOI(LVCMOS18)+tROUTE+tBLA+tMCELL), from(DIP1.PAD), to(LED6 )
NET: delay(400 400), type(tIN+tIOI(LVCMOS18)+tROUTE+tBLA+tMCELL), from(DIP1.PAD), to(LED5 )
NET: delay(400 400), type(tIN+tIOI(LVCMOS18)+tROUTE+tBLA+tMCELL), from(DIP1.PAD), to(LED4 )
NET: delay(400 400), type(tIN+tIOI(LVCMOS18)+tROUTE+tBLA+tMCELL), from(DIP1.PAD), to(LED3 )
NET: delay(400 400), type(tIN+tIOI(LVCMOS18)+tROUTE+tBLA+tMCELL), from(DIP1.PAD), to(LED2 )
NET: delay(400 400), type(tIN+tIOI(LVCMOS18)+tROUTE+tBLA+tMCELL), from(DIP1.PAD), to(LED1 )
NET: delay(400 400), type(tIN+tIOI(LVCMOS18)+tROUTE+tBLA+tMCELL), from(DIP1.PAD), to(LED0 )
NET: delay(370 370), type(tROUTE+tPTCLK), from(I1.TIMEROUT), to(timediv.C )
NET: delay(445 445), type(tFBK+tROUTE+tPTCLK), from(timediv.Q ), to(timediv2.C )
NET: delay(365 365), type(tFBK+tROUTE+tMCELL), from(timediv.Q ), to(timediv.D )
NET: delay(370 370), type(tFBK+tROUTE+tBLA+tMCELL), from(Y6.Q ), to(Y7.D )
NET: delay(370 370), type(tFBK+tROUTE+tBLA+tMCELL), from(Y6.Q ), to(Y0.D )
NET: delay(370 370), type(tFBK+tROUTE+tBLA+tMCELL), from(Y6.Q ), to(LED14 )
NET: delay(375 375), type(tFBK+tROUTE+tBLA*2+tMCELL), from(Y5.Q ), to(Y6.D )
NET: delay(375 375), type(tFBK+tROUTE+tBLA*2+tMCELL), from(Y5.Q ), to(Y0.D )
NET: delay(375 375), type(tFBK+tROUTE+tBLA*2+tMCELL), from(Y5.Q ), to(LED13 )
NET: delay(370 370), type(tFBK+tROUTE+tBLA+tMCELL), from(Y4.Q ), to(Y5.D )
NET: delay(370 370), type(tFBK+tROUTE+tBLA+tMCELL), from(Y4.Q ), to(Y0.D )
NET: delay(370 370), type(tFBK+tROUTE+tBLA+tMCELL), from(Y4.Q ), to(LED12 )
NET: delay(375 375), type(tFBK+tROUTE+tBLA*2+tMCELL), from(Y3.Q ), to(Y4.D )
NET: delay(375 375), type(tFBK+tROUTE+tBLA*2+tMCELL), from(Y3.Q ), to(Y0.D )
NET: delay(375 375), type(tFBK+tROUTE+tBLA*2+tMCELL), from(Y3.Q ), to(LED11 )
NET: delay(375 375), type(tFBK+tROUTE+tBLA*2+tMCELL), from(Y2.Q ), to(Y3.D )
NET: delay(375 375), type(tFBK+tROUTE+tBLA*2+tMCELL), from(Y2.Q ), to(Y0.D )
NET: delay(375 375), type(tFBK+tROUTE+tBLA*2+tMCELL), from(Y2.Q ), to(LED10 )
NET: delay(370 370), type(tFBK+tROUTE+tBLA+tMCELL), from(Y1.Q ), to(Y2.D )
NET: delay(370 370), type(tFBK+tROUTE+tBLA+tMCELL), from(Y1.Q ), to(Y0.D )
NET: delay(370 370), type(tFBK+tROUTE+tBLA+tMCELL), from(Y1.Q ), to(LED9 )
NET: delay(375 375), type(tFBK+tROUTE+tBLA*2+tMCELL), from(Y0.Q ), to(Y1.D )
NET: delay(375 375), type(tFBK+tROUTE+tBLA*2+tMCELL), from(Y0.Q ), to(Y0.D )
NET: delay(375 375), type(tFBK+tROUTE+tBLA*2+tMCELL), from(Y0.Q ), to(LED8 )
NET: delay(385 385), type(tFBK+tROUTE+tBLA*4+tMCELL), from(S1.Q ), to(Q3_0 )
NET: delay(465 465), type(tFBK+tROUTE+tBLA*4+tBCLK), from(S1.Q ), to(Q0.C )
NET: delay(465 465), type(tFBK+tROUTE+tBLA*4+tBCLK), from(S1.Q ), to(Q1.C )
NET: delay(465 465), type(tFBK+tROUTE+tBLA*4+tPTCLK), from(S1.Q ), to(Q2.C )
NET: delay(465 465), type(tFBK+tROUTE+tBLA*4+tPTCLK), from(S1.Q ), to(Q3.C )
NET: delay(465 465), type(tFBK+tROUTE+tBLA*4+tBCLK), from(S1.Q ), to(Y7.C )
NET: delay(465 465), type(tFBK+tROUTE+tBLA*4+tPTCLK), from(S1.Q ), to(Y6.C )
NET: delay(465 465), type(tFBK+tROUTE+tBLA*4+tBCLK), from(S1.Q ), to(Y5.C )
NET: delay(465 465), type(tFBK+tROUTE+tBLA*4+tPTCLK), from(S1.Q ), to(Y4.C )
NET: delay(465 465), type(tFBK+tROUTE+tBLA*4+tPTCLK), from(S1.Q ), to(Y3.C )
NET: delay(465 465), type(tFBK+tROUTE+tBLA*4+tBCLK), from(S1.Q ), to(Y2.C )
NET: delay(465 465), type(tFBK+tROUTE+tBLA*4+tPTCLK), from(S1.Q ), to(Y1.C )
NET: delay(465 465), type(tFBK+tROUTE+tBLA*4+tBCLK), from(S1.Q ), to(Y0.C )
NET: delay(365 365), type(tFBK+tROUTE+tMCELL), from(Y7.Q ), to(LED15 )
NET: delay(515 515), type(tIN+tIOI(LVCMOS18)+tROUTE+tPTSR), from(S1_NO.PAD), to(S1.AP )
NET: delay(515 515), type(tIN+tIOI(LVCMOS18)+tROUTE+tBSR), from(S1_NC.PAD), to(S1.AR )
NET: delay(405 405), type(tIN+tIOI(LVCMOS18)+tROUTE+tBLA*2+tMCELL), from(S2_NO.PAD), to(Q0.D.X2 )
NET: delay(405 405), type(tIN+tIOI(LVCMOS18)+tROUTE+tBLA*2+tMCELL), from(S2_NO.PAD), to(Q1.D.X2 )
NET: delay(405 405), type(tIN+tIOI(LVCMOS18)+tROUTE+tBLA*2+tMCELL), from(S2_NO.PAD), to(Q1.D.X1 )
NET: delay(405 405), type(tIN+tIOI(LVCMOS18)+tROUTE+tBLA*2+tMCELL), from(S2_NO.PAD), to(Q2.D.X1 )
NET: delay(405 405), type(tIN+tIOI(LVCMOS18)+tROUTE+tBLA*2+tMCELL), from(S2_NO.PAD), to(Q3.D )
NET: delay(395 395), type(tIN+tIOI(LVCMOS18)+tROUTE+tMCELL), from(DIP2.PAD), to(Q3_0 )
NET: delay(395 395), type(tFBK+tROUTE+tBLA*6+tMCELL), from(Q3.Q ), to(Q3_0 )
NET: delay(395 395), type(tFBK+tROUTE+tBLA*6+tMCELL), from(Q3.Q ), to(P0.T )
NET: delay(395 395), type(tFBK+tROUTE+tBLA*6+tMCELL), from(Q3.Q ), to(P1.D )
NET: delay(395 395), type(tFBK+tROUTE+tBLA*6+tMCELL), from(Q3.Q ), to(P2.D )
NET: delay(395 395), type(tFBK+tROUTE+tBLA*6+tMCELL), from(Q3.Q ), to(P3.D )
NET: delay(395 395), type(tFBK+tROUTE+tBLA*6+tMCELL), from(Q3.Q ), to(Q0.D.X2 )
NET: delay(395 395), type(tFBK+tROUTE+tBLA*6+tMCELL), from(Q3.Q ), to(Q0.D.X1 )
NET: delay(395 395), type(tFBK+tROUTE+tBLA*6+tMCELL), from(Q3.Q ), to(Q1.D.X2 )
NET: delay(395 395), type(tFBK+tROUTE+tBLA*6+tMCELL), from(Q3.Q ), to(Q1.D.X1 )
NET: delay(395 395), type(tFBK+tROUTE+tBLA*6+tMCELL), from(Q3.Q ), to(Q2.D.X2 )
NET: delay(395 395), type(tFBK+tROUTE+tBLA*6+tMCELL), from(Q3.Q ), to(Q2.D.X1 )
NET: delay(395 395), type(tFBK+tROUTE+tBLA*6+tMCELL), from(Q3.Q ), to(Q3.D )
NET: delay(475 475), type(tFBK+tROUTE+tBLA*6+tPTCLK), from(Q3.Q ), to(Y7.CE )
NET: delay(475 475), type(tFBK+tROUTE+tBLA*6+tBCLK), from(Q3.Q ), to(Y6.CE )
NET: delay(475 475), type(tFBK+tROUTE+tBLA*6+tPTCLK), from(Q3.Q ), to(Y5.CE )
NET: delay(475 475), type(tFBK+tROUTE+tBLA*6+tBCLK), from(Q3.Q ), to(Y4.CE )
NET: delay(475 475), type(tFBK+tROUTE+tBLA*6+tBCLK), from(Q3.Q ), to(Y3.CE )
NET: delay(475 475), type(tFBK+tROUTE+tBLA*6+tPTCLK), from(Q3.Q ), to(Y2.CE )
NET: delay(475 475), type(tFBK+tROUTE+tBLA*6+tBCLK), from(Q3.Q ), to(Y1.CE )
NET: delay(475 475), type(tFBK+tROUTE+tBLA*6+tPTCLK), from(Q3.Q ), to(Y0.CE )
NET: delay(395 395), type(tFBK+tROUTE+tBLA*6+tMCELL), from(Q3.Q ), to(LED18 )
NET: delay(395 395), type(tFBK+tROUTE+tBLA*6+tMCELL), from(Q3.Q ), to(LED17 )
NET: delay(395 395), type(tFBK+tROUTE+tBLA*6+tMCELL), from(Q3.Q ), to(LED16 )
NET: delay(395 395), type(tFBK+tROUTE+tBLA*6+tMCELL), from(Q2.Q ), to(Q3_0 )
NET: delay(395 395), type(tFBK+tROUTE+tBLA*6+tMCELL), from(Q2.Q ), to(P0.T )
NET: delay(395 395), type(tFBK+tROUTE+tBLA*6+tMCELL), from(Q2.Q ), to(P1.D )
NET: delay(395 395), type(tFBK+tROUTE+tBLA*6+tMCELL), from(Q2.Q ), to(P2.D )
NET: delay(395 395), type(tFBK+tROUTE+tBLA*6+tMCELL), from(Q2.Q ), to(P3.D )
NET: delay(395 395), type(tFBK+tROUTE+tBLA*6+tMCELL), from(Q2.Q ), to(Q0.D.X1 )
NET: delay(395 395), type(tFBK+tROUTE+tBLA*6+tMCELL), from(Q2.Q ), to(Q1.D.X1 )
NET: delay(395 395), type(tFBK+tROUTE+tBLA*6+tMCELL), from(Q2.Q ), to(Q2.D.X1 )
NET: delay(395 395), type(tFBK+tROUTE+tBLA*6+tMCELL), from(Q2.Q ), to(Q3.D )
NET: delay(475 475), type(tFBK+tROUTE+tBLA*6+tPTCLK), from(Q2.Q ), to(Y7.CE )
NET: delay(475 475), type(tFBK+tROUTE+tBLA*6+tBCLK), from(Q2.Q ), to(Y6.CE )
NET: delay(475 475), type(tFBK+tROUTE+tBLA*6+tPTCLK), from(Q2.Q ), to(Y5.CE )
NET: delay(475 475), type(tFBK+tROUTE+tBLA*6+tBCLK), from(Q2.Q ), to(Y4.CE )
NET: delay(475 475), type(tFBK+tROUTE+tBLA*6+tBCLK), from(Q2.Q ), to(Y3.CE )
NET: delay(475 475), type(tFBK+tROUTE+tBLA*6+tPTCLK), from(Q2.Q ), to(Y2.CE )
NET: delay(475 475), type(tFBK+tROUTE+tBLA*6+tBCLK), from(Q2.Q ), to(Y1.CE )
NET: delay(475 475), type(tFBK+tROUTE+tBLA*6+tPTCLK), from(Q2.Q ), to(Y0.CE )
NET: delay(395 395), type(tFBK+tROUTE+tBLA*6+tMCELL), from(Q2.Q ), to(LED18 )
NET: delay(395 395), type(tFBK+tROUTE+tBLA*6+tMCELL), from(Q2.Q ), to(LED17 )
NET: delay(395 395), type(tFBK+tROUTE+tBLA*6+tMCELL), from(Q2.Q ), to(LED16 )
NET: delay(395 395), type(tFBK+tROUTE+tBLA*6+tMCELL), from(Q1.Q ), to(Q3_0 )
NET: delay(395 395), type(tFBK+tROUTE+tBLA*6+tMCELL), from(Q1.Q ), to(P0.T )
NET: delay(395 395), type(tFBK+tROUTE+tBLA*6+tMCELL), from(Q1.Q ), to(P1.D )
NET: delay(395 395), type(tFBK+tROUTE+tBLA*6+tMCELL), from(Q1.Q ), to(P2.D )
NET: delay(395 395), type(tFBK+tROUTE+tBLA*6+tMCELL), from(Q1.Q ), to(P3.D )
NET: delay(395 395), type(tFBK+tROUTE+tBLA*6+tMCELL), from(Q1.Q ), to(Q0.D.X1 )
NET: delay(395 395), type(tFBK+tROUTE+tBLA*6+tMCELL), from(Q1.Q ), to(Q1.D.X2 )
NET: delay(395 395), type(tFBK+tROUTE+tBLA*6+tMCELL), from(Q1.Q ), to(Q1.D.X1 )
NET: delay(395 395), type(tFBK+tROUTE+tBLA*6+tMCELL), from(Q1.Q ), to(Q2.D.X1 )
NET: delay(395 395), type(tFBK+tROUTE+tBLA*6+tMCELL), from(Q1.Q ), to(Q3.D )
NET: delay(475 475), type(tFBK+tROUTE+tBLA*6+tPTCLK), from(Q1.Q ), to(Y7.CE )
NET: delay(475 475), type(tFBK+tROUTE+tBLA*6+tBCLK), from(Q1.Q ), to(Y6.CE )
NET: delay(475 475), type(tFBK+tROUTE+tBLA*6+tPTCLK), from(Q1.Q ), to(Y5.CE )
NET: delay(475 475), type(tFBK+tROUTE+tBLA*6+tBCLK), from(Q1.Q ), to(Y4.CE )
NET: delay(475 475), type(tFBK+tROUTE+tBLA*6+tBCLK), from(Q1.Q ), to(Y3.CE )
NET: delay(475 475), type(tFBK+tROUTE+tBLA*6+tPTCLK), from(Q1.Q ), to(Y2.CE )
NET: delay(475 475), type(tFBK+tROUTE+tBLA*6+tBCLK), from(Q1.Q ), to(Y1.CE )
NET: delay(475 475), type(tFBK+tROUTE+tBLA*6+tPTCLK), from(Q1.Q ), to(Y0.CE )
NET: delay(395 395), type(tFBK+tROUTE+tBLA*6+tMCELL), from(Q1.Q ), to(LED18 )
NET: delay(395 395), type(tFBK+tROUTE+tBLA*6+tMCELL), from(Q1.Q ), to(LED17 )
NET: delay(395 395), type(tFBK+tROUTE+tBLA*6+tMCELL), from(Q1.Q ), to(LED16 )
NET: delay(395 395), type(tFBK+tROUTE+tBLA*6+tMCELL), from(Q0.Q ), to(Q3_0 )
NET: delay(395 395), type(tFBK+tROUTE+tBLA*6+tMCELL), from(Q0.Q ), to(P0.T )
NET: delay(395 395), type(tFBK+tROUTE+tBLA*6+tMCELL), from(Q0.Q ), to(P1.D )
NET: delay(395 395), type(tFBK+tROUTE+tBLA*6+tMCELL), from(Q0.Q ), to(P2.D )
NET: delay(395 395), type(tFBK+tROUTE+tBLA*6+tMCELL), from(Q0.Q ), to(P3.D )
NET: delay(395 395), type(tFBK+tROUTE+tBLA*6+tMCELL), from(Q0.Q ), to(Q0.D.X2 )
NET: delay(395 395), type(tFBK+tROUTE+tBLA*6+tMCELL), from(Q0.Q ), to(Q0.D.X1 )
NET: delay(395 395), type(tFBK+tROUTE+tBLA*6+tMCELL), from(Q0.Q ), to(Q1.D.X1 )
NET: delay(395 395), type(tFBK+tROUTE+tBLA*6+tMCELL), from(Q0.Q ), to(Q2.D.X1 )
NET: delay(395 395), type(tFBK+tROUTE+tBLA*6+tMCELL), from(Q0.Q ), to(Q3.D )
NET: delay(475 475), type(tFBK+tROUTE+tBLA*6+tPTCLK), from(Q0.Q ), to(Y7.CE )
NET: delay(475 475), type(tFBK+tROUTE+tBLA*6+tBCLK), from(Q0.Q ), to(Y6.CE )
NET: delay(475 475), type(tFBK+tROUTE+tBLA*6+tPTCLK), from(Q0.Q ), to(Y5.CE )
NET: delay(475 475), type(tFBK+tROUTE+tBLA*6+tBCLK), from(Q0.Q ), to(Y4.CE )
NET: delay(475 475), type(tFBK+tROUTE+tBLA*6+tBCLK), from(Q0.Q ), to(Y3.CE )
NET: delay(475 475), type(tFBK+tROUTE+tBLA*6+tPTCLK), from(Q0.Q ), to(Y2.CE )
NET: delay(475 475), type(tFBK+tROUTE+tBLA*6+tBCLK), from(Q0.Q ), to(Y1.CE )
NET: delay(475 475), type(tFBK+tROUTE+tBLA*6+tPTCLK), from(Q0.Q ), to(Y0.CE )
NET: delay(395 395), type(tFBK+tROUTE+tBLA*6+tMCELL), from(Q0.Q ), to(LED18 )
NET: delay(395 395), type(tFBK+tROUTE+tBLA*6+tMCELL), from(Q0.Q ), to(LED17 )
NET: delay(395 395), type(tFBK+tROUTE+tBLA*6+tMCELL), from(Q0.Q ), to(LED16 )
NET: delay(410 410), type(tFBK+tROUTE+tBLA*9+tMCELL), from(P3.Q ), to(dd13.D )
NET: delay(410 410), type(tFBK+tROUTE+tBLA*9+tMCELL), from(P3.Q ), to(dd12.D )
NET: delay(410 410), type(tFBK+tROUTE+tBLA*9+tMCELL), from(P3.Q ), to(dd11.D )
NET: delay(410 410), type(tFBK+tROUTE+tBLA*9+tMCELL), from(P3.Q ), to(dd10.D )
NET: delay(410 410), type(tFBK+tROUTE+tBLA*9+tMCELL), from(P3.Q ), to(dd9.D )
NET: delay(410 410), type(tFBK+tROUTE+tBLA*9+tMCELL), from(P3.Q ), to(dd8.D )
NET: delay(410 410), type(tFBK+tROUTE+tBLA*9+tMCELL), from(P3.Q ), to(dd7.D )
NET: delay(410 410), type(tFBK+tROUTE+tBLA*9+tMCELL), from(P3.Q ), to(P0.T )
NET: delay(410 410), type(tFBK+tROUTE+tBLA*9+tMCELL), from(P3.Q ), to(P1.D )
NET: delay(410 410), type(tFBK+tROUTE+tBLA*9+tMCELL), from(P3.Q ), to(P2.D )
NET: delay(410 410), type(tFBK+tROUTE+tBLA*9+tMCELL), from(P3.Q ), to(P3.D )
NET: delay(410 410), type(tFBK+tROUTE+tBLA*9+tMCELL), from(P3.Q ), to(DIS2g.D )
NET: delay(410 410), type(tFBK+tROUTE+tBLA*9+tMCELL), from(P3.Q ), to(DIS2f.D )
NET: delay(410 410), type(tFBK+tROUTE+tBLA*9+tMCELL), from(P3.Q ), to(DIS2e.D )
NET: delay(410 410), type(tFBK+tROUTE+tBLA*9+tMCELL), from(P3.Q ), to(DIS2d.D )
NET: delay(410 410), type(tFBK+tROUTE+tBLA*9+tMCELL), from(P3.Q ), to(DIS2c.D )
NET: delay(410 410), type(tFBK+tROUTE+tBLA*9+tMCELL), from(P3.Q ), to(DIS2b.D )
NET: delay(410 410), type(tFBK+tROUTE+tBLA*9+tMCELL), from(P3.Q ), to(DIS2a.D )
NET: delay(410 410), type(tFBK+tROUTE+tBLA*9+tMCELL), from(P3.Q ), to(DIS1g )
NET: delay(410 410), type(tFBK+tROUTE+tBLA*9+tMCELL), from(P3.Q ), to(DIS1f )
NET: delay(410 410), type(tFBK+tROUTE+tBLA*9+tMCELL), from(P3.Q ), to(DIS1e )
NET: delay(410 410), type(tFBK+tROUTE+tBLA*9+tMCELL), from(P3.Q ), to(DIS1d )
NET: delay(410 410), type(tFBK+tROUTE+tBLA*9+tMCELL), from(P3.Q ), to(DIS1c )
NET: delay(410 410), type(tFBK+tROUTE+tBLA*9+tMCELL), from(P3.Q ), to(DIS1b )
NET: delay(410 410), type(tFBK+tROUTE+tBLA*9+tMCELL), from(P3.Q ), to(DIS1a )
NET: delay(410 410), type(tFBK+tROUTE+tBLA*9+tMCELL), from(P2.Q ), to(dd13.D )
NET: delay(410 410), type(tFBK+tROUTE+tBLA*9+tMCELL), from(P2.Q ), to(dd12.D )
NET: delay(410 410), type(tFBK+tROUTE+tBLA*9+tMCELL), from(P2.Q ), to(dd11.D )
NET: delay(410 410), type(tFBK+tROUTE+tBLA*9+tMCELL), from(P2.Q ), to(dd10.D )
NET: delay(410 410), type(tFBK+tROUTE+tBLA*9+tMCELL), from(P2.Q ), to(dd9.D )
NET: delay(410 410), type(tFBK+tROUTE+tBLA*9+tMCELL), from(P2.Q ), to(dd8.D )
NET: delay(410 410), type(tFBK+tROUTE+tBLA*9+tMCELL), from(P2.Q ), to(dd7.D )
NET: delay(410 410), type(tFBK+tROUTE+tBLA*9+tMCELL), from(P2.Q ), to(P0.T )
NET: delay(410 410), type(tFBK+tROUTE+tBLA*9+tMCELL), from(P2.Q ), to(P1.D )
NET: delay(410 410), type(tFBK+tROUTE+tBLA*9+tMCELL), from(P2.Q ), to(P2.D )
NET: delay(410 410), type(tFBK+tROUTE+tBLA*9+tMCELL), from(P2.Q ), to(P3.D )
NET: delay(410 410), type(tFBK+tROUTE+tBLA*9+tMCELL), from(P2.Q ), to(DIS2g.D )
NET: delay(410 410), type(tFBK+tROUTE+tBLA*9+tMCELL), from(P2.Q ), to(DIS2f.D )
NET: delay(410 410), type(tFBK+tROUTE+tBLA*9+tMCELL), from(P2.Q ), to(DIS2e.D )
NET: delay(410 410), type(tFBK+tROUTE+tBLA*9+tMCELL), from(P2.Q ), to(DIS2d.D )
NET: delay(410 410), type(tFBK+tROUTE+tBLA*9+tMCELL), from(P2.Q ), to(DIS2c.D )
NET: delay(410 410), type(tFBK+tROUTE+tBLA*9+tMCELL), from(P2.Q ), to(DIS2b.D )
NET: delay(410 410), type(tFBK+tROUTE+tBLA*9+tMCELL), from(P2.Q ), to(DIS2a.D )
NET: delay(410 410), type(tFBK+tROUTE+tBLA*9+tMCELL), from(P2.Q ), to(DIS1g )
NET: delay(410 410), type(tFBK+tROUTE+tBLA*9+tMCELL), from(P2.Q ), to(DIS1f )
NET: delay(410 410), type(tFBK+tROUTE+tBLA*9+tMCELL), from(P2.Q ), to(DIS1e )
NET: delay(410 410), type(tFBK+tROUTE+tBLA*9+tMCELL), from(P2.Q ), to(DIS1d )
NET: delay(410 410), type(tFBK+tROUTE+tBLA*9+tMCELL), from(P2.Q ), to(DIS1c )
NET: delay(410 410), type(tFBK+tROUTE+tBLA*9+tMCELL), from(P2.Q ), to(DIS1b )
NET: delay(410 410), type(tFBK+tROUTE+tBLA*9+tMCELL), from(P2.Q ), to(DIS1a )
NET: delay(410 410), type(tFBK+tROUTE+tBLA*9+tMCELL), from(P1.Q ), to(dd13.D )
NET: delay(410 410), type(tFBK+tROUTE+tBLA*9+tMCELL), from(P1.Q ), to(dd12.D )
NET: delay(410 410), type(tFBK+tROUTE+tBLA*9+tMCELL), from(P1.Q ), to(dd11.D )
NET: delay(410 410), type(tFBK+tROUTE+tBLA*9+tMCELL), from(P1.Q ), to(dd10.D )
NET: delay(410 410), type(tFBK+tROUTE+tBLA*9+tMCELL), from(P1.Q ), to(dd9.D )
NET: delay(410 410), type(tFBK+tROUTE+tBLA*9+tMCELL), from(P1.Q ), to(dd8.D )
NET: delay(410 410), type(tFBK+tROUTE+tBLA*9+tMCELL), from(P1.Q ), to(dd7.D )
NET: delay(410 410), type(tFBK+tROUTE+tBLA*9+tMCELL), from(P1.Q ), to(P0.T )
NET: delay(410 410), type(tFBK+tROUTE+tBLA*9+tMCELL), from(P1.Q ), to(P1.D )
NET: delay(410 410), type(tFBK+tROUTE+tBLA*9+tMCELL), from(P1.Q ), to(P2.D )
NET: delay(410 410), type(tFBK+tROUTE+tBLA*9+tMCELL), from(P1.Q ), to(P3.D )
NET: delay(410 410), type(tFBK+tROUTE+tBLA*9+tMCELL), from(P1.Q ), to(DIS2g.D )
NET: delay(410 410), type(tFBK+tROUTE+tBLA*9+tMCELL), from(P1.Q ), to(DIS2f.D )
NET: delay(410 410), type(tFBK+tROUTE+tBLA*9+tMCELL), from(P1.Q ), to(DIS2e.D )
NET: delay(410 410), type(tFBK+tROUTE+tBLA*9+tMCELL), from(P1.Q ), to(DIS2d.D )
NET: delay(410 410), type(tFBK+tROUTE+tBLA*9+tMCELL), from(P1.Q ), to(DIS2c.D )
NET: delay(410 410), type(tFBK+tROUTE+tBLA*9+tMCELL), from(P1.Q ), to(DIS2b.D )
NET: delay(410 410), type(tFBK+tROUTE+tBLA*9+tMCELL), from(P1.Q ), to(DIS2a.D )
NET: delay(410 410), type(tFBK+tROUTE+tBLA*9+tMCELL), from(P1.Q ), to(DIS1g )
NET: delay(410 410), type(tFBK+tROUTE+tBLA*9+tMCELL), from(P1.Q ), to(DIS1f )
NET: delay(410 410), type(tFBK+tROUTE+tBLA*9+tMCELL), from(P1.Q ), to(DIS1e )
NET: delay(410 410), type(tFBK+tROUTE+tBLA*9+tMCELL), from(P1.Q ), to(DIS1d )
NET: delay(410 410), type(tFBK+tROUTE+tBLA*9+tMCELL), from(P1.Q ), to(DIS1c )
NET: delay(410 410), type(tFBK+tROUTE+tBLA*9+tMCELL), from(P1.Q ), to(DIS1b )
NET: delay(410 410), type(tFBK+tROUTE+tBLA*9+tMCELL), from(P1.Q ), to(DIS1a )
NET: delay(405 405), type(tFBK+tROUTE+tBLA*8+tMCELL), from(P0.Q ), to(dd13.D )
NET: delay(405 405), type(tFBK+tROUTE+tBLA*8+tMCELL), from(P0.Q ), to(dd12.D )
NET: delay(405 405), type(tFBK+tROUTE+tBLA*8+tMCELL), from(P0.Q ), to(dd10.D )
NET: delay(405 405), type(tFBK+tROUTE+tBLA*8+tMCELL), from(P0.Q ), to(dd9.D )
NET: delay(405 405), type(tFBK+tROUTE+tBLA*8+tMCELL), from(P0.Q ), to(dd8.D )
NET: delay(405 405), type(tFBK+tROUTE+tBLA*8+tMCELL), from(P0.Q ), to(dd7.D )
NET: delay(405 405), type(tFBK+tROUTE+tBLA*8+tMCELL), from(P0.Q ), to(P0.T )
NET: delay(405 405), type(tFBK+tROUTE+tBLA*8+tMCELL), from(P0.Q ), to(P1.D )
NET: delay(405 405), type(tFBK+tROUTE+tBLA*8+tMCELL), from(P0.Q ), to(P2.D )
NET: delay(405 405), type(tFBK+tROUTE+tBLA*8+tMCELL), from(P0.Q ), to(P3.D )
NET: delay(405 405), type(tFBK+tROUTE+tBLA*8+tMCELL), from(P0.Q ), to(DIS2g.D )
NET: delay(405 405), type(tFBK+tROUTE+tBLA*8+tMCELL), from(P0.Q ), to(DIS2f.D )
NET: delay(405 405), type(tFBK+tROUTE+tBLA*8+tMCELL), from(P0.Q ), to(DIS2d.D )
NET: delay(405 405), type(tFBK+tROUTE+tBLA*8+tMCELL), from(P0.Q ), to(DIS2c.D )
NET: delay(405 405), type(tFBK+tROUTE+tBLA*8+tMCELL), from(P0.Q ), to(DIS2b.D )
NET: delay(405 405), type(tFBK+tROUTE+tBLA*8+tMCELL), from(P0.Q ), to(DIS2a.D )
NET: delay(405 405), type(tFBK+tROUTE+tBLA*8+tMCELL), from(P0.Q ), to(DIS1g )
NET: delay(405 405), type(tFBK+tROUTE+tBLA*8+tMCELL), from(P0.Q ), to(DIS1f )
NET: delay(405 405), type(tFBK+tROUTE+tBLA*8+tMCELL), from(P0.Q ), to(DIS1d )
NET: delay(405 405), type(tFBK+tROUTE+tBLA*8+tMCELL), from(P0.Q ), to(DIS1c )
NET: delay(405 405), type(tFBK+tROUTE+tBLA*8+tMCELL), from(P0.Q ), to(DIS1b )
NET: delay(405 405), type(tFBK+tROUTE+tBLA*8+tMCELL), from(P0.Q ), to(DIS1a )
NET: delay(370 370), type(tFBK+tROUTE+tBLA+tMCELL), from(L16.Q ), to(L16.D )
NET: delay(370 370), type(tFBK+tROUTE+tBLA+tMCELL), from(L16.Q ), to(LED16 )
NET: delay(365 365), type(tFBK+tROUTE+tMCELL), from(dd14.Q ), to(DIS4a.D )
NET: delay(365 365), type(tFBK+tROUTE+tMCELL), from(dd15.Q ), to(DIS4b.D )
NET: delay(365 365), type(tFBK+tROUTE+tMCELL), from(dd16.Q ), to(DIS4c.D )
NET: delay(365 365), type(tFBK+tROUTE+tMCELL), from(dd17.Q ), to(DIS4d.D )
NET: delay(365 365), type(tFBK+tROUTE+tMCELL), from(dd18.Q ), to(DIS4e.D )
NET: delay(365 365), type(tFBK+tROUTE+tMCELL), from(dd19.Q ), to(DIS4f.D )
NET: delay(365 365), type(tFBK+tROUTE+tMCELL), from(dd20.Q ), to(DIS4g.D )
NET: delay(365 365), type(tFBK+tROUTE+tMCELL), from(dd7.Q ), to(dd14.D )
NET: delay(365 365), type(tFBK+tROUTE+tMCELL), from(dd7.Q ), to(DIS3a.D )
NET: delay(365 365), type(tFBK+tROUTE+tMCELL), from(dd8.Q ), to(dd15.D )
NET: delay(365 365), type(tFBK+tROUTE+tMCELL), from(dd8.Q ), to(DIS3b.D )
NET: delay(365 365), type(tFBK+tROUTE+tMCELL), from(dd9.Q ), to(dd16.D )
NET: delay(365 365), type(tFBK+tROUTE+tMCELL), from(dd9.Q ), to(DIS3c.D )
NET: delay(365 365), type(tFBK+tROUTE+tMCELL), from(dd10.Q ), to(dd17.D )
NET: delay(365 365), type(tFBK+tROUTE+tMCELL), from(dd10.Q ), to(DIS3d.D )
NET: delay(365 365), type(tFBK+tROUTE+tMCELL), from(dd11.Q ), to(dd18.D )
NET: delay(365 365), type(tFBK+tROUTE+tMCELL), from(dd11.Q ), to(DIS3e.D )
NET: delay(365 365), type(tFBK+tROUTE+tMCELL), from(dd12.Q ), to(dd19.D )
NET: delay(365 365), type(tFBK+tROUTE+tMCELL), from(dd12.Q ), to(DIS3f.D )
NET: delay(365 365), type(tFBK+tROUTE+tMCELL), from(dd13.Q ), to(dd20.D )
NET: delay(365 365), type(tFBK+tROUTE+tMCELL), from(dd13.Q ), to(DIS3g.D )
NET: delay(495 495), type(tFBK+tROUTE+tBLA*2+tPTSR), from(Q3_0.OUT), to(Q0.AR )
NET: delay(495 495), type(tFBK+tROUTE+tBLA*2+tPTSR), from(Q3_0.OUT), to(Q1.AR )
NET: delay(495 495), type(tFBK+tROUTE+tBLA*2+tBSR), from(Q3_0.OUT), to(Q2.AR )
NET: delay(495 495), type(tFBK+tROUTE+tBLA*2+tBSR), from(Q3_0.OUT), to(Q3.AR )
Fmax/Tpd has been written in: .\lab11.lco
Timing report has been written in: .\lab11.trp



Timer ended.
